Using pre-set license
Built from '2021.3/staging' branch; Version is '2021.3.23f1 (213b516bf396) revision 2177873'; Using compiler version '192829333'; Build Type 'Release'
OS: 'Windows 11  (10.0.22621) 64bit Core' Language: 'ko' Physical Memory: 16317 MB
BatchMode: 1, IsHumanControllingUs: 0, StartBugReporterOnCrash: 0, Is64bit: 1, IsPro: 1

COMMAND LINE ARGUMENTS:
D:\2021.3.23f1\Editor\Unity.exe
-adb2
-batchMode
-noUpm
-name
AssetImportWorker0
-projectPath
D:/Git_Project/Capstone/Game
-logFile
Logs/AssetImportWorker0.log
-srvPort
7654
Successfully changed project path to: D:/Git_Project/Capstone/Game
D:/Git_Project/Capstone/Game
[UnityMemory] Configuration Parameters - Can be set up in boot.config
    "memorysetup-bucket-allocator-granularity=16"
    "memorysetup-bucket-allocator-bucket-count=8"
    "memorysetup-bucket-allocator-block-size=33554432"
    "memorysetup-bucket-allocator-block-count=8"
    "memorysetup-main-allocator-block-size=16777216"
    "memorysetup-thread-allocator-block-size=16777216"
    "memorysetup-gfx-main-allocator-block-size=16777216"
    "memorysetup-gfx-thread-allocator-block-size=16777216"
    "memorysetup-cache-allocator-block-size=4194304"
    "memorysetup-typetree-allocator-block-size=2097152"
    "memorysetup-profiler-bucket-allocator-granularity=16"
    "memorysetup-profiler-bucket-allocator-bucket-count=8"
    "memorysetup-profiler-bucket-allocator-block-size=33554432"
    "memorysetup-profiler-bucket-allocator-block-count=8"
    "memorysetup-profiler-allocator-block-size=16777216"
    "memorysetup-profiler-editor-allocator-block-size=1048576"
    "memorysetup-temp-allocator-size-main=16777216"
    "memorysetup-job-temp-allocator-block-size=2097152"
    "memorysetup-job-temp-allocator-block-size-background=1048576"
    "memorysetup-job-temp-allocator-reduction-small-platforms=262144"
    "memorysetup-temp-allocator-size-background-worker=32768"
    "memorysetup-temp-allocator-size-job-worker=262144"
    "memorysetup-temp-allocator-size-preload-manager=33554432"
    "memorysetup-temp-allocator-size-nav-mesh-worker=65536"
    "memorysetup-temp-allocator-size-audio-worker=65536"
    "memorysetup-temp-allocator-size-cloud-worker=32768"
    "memorysetup-temp-allocator-size-gi-baking-worker=262144"
    "memorysetup-temp-allocator-size-gfx=262144"
Player connection [1404] Host "[IP] 192.168.0.19 [Port] 0 [Flags] 2 [Guid] 613192531 [EditorId] 613192531 [Version] 1048832 [Id] WindowsEditor(7,DESKTOP-KCLQVT9) [Debug] 1 [PackageName] WindowsEditor [ProjectName] Editor" joined multi-casting on [225.0.0.222:54997]...

Player connection [1404] Host "[IP] 192.168.0.19 [Port] 0 [Flags] 2 [Guid] 613192531 [EditorId] 613192531 [Version] 1048832 [Id] WindowsEditor(7,DESKTOP-KCLQVT9) [Debug] 1 [PackageName] WindowsEditor [ProjectName] Editor" joined alternative multi-casting on [225.0.0.222:34997]...

Refreshing native plugins compatible for Editor in 145.41 ms, found 3 plugins.
Preloading 0 native plugins for Editor in 0.00 ms.
Initialize engine version: 2021.3.23f1 (213b516bf396)
[Subsystems] Discovering subsystems at path D:/2021.3.23f1/Editor/Data/Resources/UnitySubsystems
[Subsystems] Discovering subsystems at path D:/Git_Project/Capstone/Game/Assets
GfxDevice: creating device client; threaded=0; jobified=0
Direct3D:
    Version:  Direct3D 11.0 [level 11.1]
    Renderer: NVIDIA GeForce GTX 1660 Ti (ID=0x2182)
    Vendor:   NVIDIA
    VRAM:     5991 MB
    Driver:   31.0.15.1694
Initialize mono
Mono path[0] = 'D:/2021.3.23f1/Editor/Data/Managed'
Mono path[1] = 'D:/2021.3.23f1/Editor/Data/MonoBleedingEdge/lib/mono/unityjit-win32'
Mono config path = 'D:/2021.3.23f1/Editor/Data/MonoBleedingEdge/etc'
Using monoOptions --debugger-agent=transport=dt_socket,embedding=1,server=y,suspend=n,address=127.0.0.1:56648
Begin MonoManager ReloadAssembly
Registering precompiled unity dll's ...
Register platform support module: D:/2021.3.23f1/Editor/Data/PlaybackEngines/WindowsStandaloneSupport/UnityEditor.WindowsStandalone.Extensions.dll
Registered in 0.001638 seconds.
Native extension for WindowsStandalone target not found
Refreshing native plugins compatible for Editor in 132.25 ms, found 3 plugins.
Preloading 0 native plugins for Editor in 0.00 ms.
Mono: successfully reloaded assembly
- Completed reload, in  0.879 seconds
Domain Reload Profiling:
	ReloadAssembly (880ms)
		BeginReloadAssembly (162ms)
			ExecutionOrderSort (0ms)
			DisableScriptedObjects (0ms)
			BackupInstance (0ms)
			ReleaseScriptingObjects (0ms)
			CreateAndSetChildDomain (1ms)
		EndReloadAssembly (602ms)
			LoadAssemblies (162ms)
			RebuildTransferFunctionScriptingTraits (0ms)
			SetupTypeCache (139ms)
			ReleaseScriptCaches (0ms)
			RebuildScriptCaches (36ms)
			SetupLoadedEditorAssemblies (360ms)
				LogAssemblyErrors (0ms)
				InitializePlatformSupportModulesInManaged (9ms)
				SetLoadedEditorAssemblies (0ms)
				RefreshPlugins (132ms)
				BeforeProcessingInitializeOnLoad (2ms)
				ProcessInitializeOnLoadAttributes (148ms)
				ProcessInitializeOnLoadMethodAttributes (68ms)
				AfterProcessingInitializeOnLoad (0ms)
				EditorAssembliesLoaded (0ms)
			ExecutionOrderSort2 (0ms)
			AwakeInstancesAfterBackupRestoration (0ms)
Platform modules already initialized, skipping
Registering precompiled user dll's ...
Registered in 0.007122 seconds.
Begin MonoManager ReloadAssembly
Symbol file LoadedFromMemory doesn't match image D:\Git_Project\Capstone\Game\Library\PackageCache\com.unity.visualscripting@1.8.0\Editor\VisualScripting.Core\Dependencies\YamlDotNet\Unity.VisualScripting.YamlDotNet.dll
Symbol file LoadedFromMemory doesn't match image D:\Git_Project\Capstone\Game\Library\PackageCache\com.unity.visualscripting@1.8.0\Editor\VisualScripting.Core\Dependencies\DotNetZip\Unity.VisualScripting.IonicZip.dll
Native extension for WindowsStandalone target not found
Refreshing native plugins compatible for Editor in 132.71 ms, found 3 plugins.
Preloading 0 native plugins for Editor in 0.00 ms.
Mono: successfully reloaded assembly
- Completed reload, in  1.648 seconds
Domain Reload Profiling:
	ReloadAssembly (1649ms)
		BeginReloadAssembly (144ms)
			ExecutionOrderSort (0ms)
			DisableScriptedObjects (8ms)
			BackupInstance (0ms)
			ReleaseScriptingObjects (0ms)
			CreateAndSetChildDomain (22ms)
		EndReloadAssembly (1394ms)
			LoadAssemblies (120ms)
			RebuildTransferFunctionScriptingTraits (0ms)
			SetupTypeCache (386ms)
			ReleaseScriptCaches (1ms)
			RebuildScriptCaches (96ms)
			SetupLoadedEditorAssemblies (710ms)
				LogAssemblyErrors (0ms)
				InitializePlatformSupportModulesInManaged (4ms)
				SetLoadedEditorAssemblies (0ms)
				RefreshPlugins (133ms)
				BeforeProcessingInitializeOnLoad (134ms)
				ProcessInitializeOnLoadAttributes (327ms)
				ProcessInitializeOnLoadMethodAttributes (109ms)
				AfterProcessingInitializeOnLoad (4ms)
				EditorAssembliesLoaded (0ms)
			ExecutionOrderSort2 (0ms)
			AwakeInstancesAfterBackupRestoration (29ms)
Platform modules already initialized, skipping
========================================================================
Worker process is ready to serve import requests
Launched and connected shader compiler UnityShaderCompiler.exe after 0.08 seconds
Refreshing native plugins compatible for Editor in 0.87 ms, found 3 plugins.
Preloading 0 native plugins for Editor in 0.00 ms.
Unloading 4811 Unused Serialized files (Serialized files now loaded: 0)
Unloading 36 unused Assets / (0.8 MB). Loaded Objects now: 5261.
Memory consumption went from 194.8 MB to 194.0 MB.
Total: 3.727600 ms (FindLiveObjects: 0.378700 ms CreateObjectMapping: 0.347000 ms MarkObjects: 2.642900 ms  DeleteObjects: 0.357700 ms)

AssetImportParameters requested are different than current active one (requested -> active):
  custom:video-decoder-ogg-theora: a1e56fd34408186e4bbccfd4996cb3dc -> 
  custom:container-muxer-webm: aa71ff27fc2769a1b78a27578f13a17b -> 
  custom:container-demuxer-webm: 4f35f7cbe854078d1ac9338744f61a02 -> 
  custom:video-encoder-webm-vp8: eb34c28f22e8b96e1ab97ce403110664 -> 
  custom:audio-encoder-webm-vorbis: bf7c407c2cedff20999df2af8eb42d56 -> 
  custom:framework-win-MediaFoundation: 216162199b28c13a410421893ffa2e32 -> 
  custom:container-demuxer-ogg: 62fdf1f143b41e24485cea50d1cbac27 -> 
  custom:video-decoder-webm-vp8: 9c59270c3fd7afecdb556c50c9e8de78 -> 
  custom:audio-decoder-ogg-vorbis: bf7c407c2cedff20999df2af8eb42d56 -> 
========================================================================
Received Import Request.
  Time since last request: 36155.418757 seconds.
  path: Assets/BasAssetStore/LowPolyVillage/Prefabs/Bank/Bank_01.prefab
  artifactKey: Guid(c1cad0a248d20c34fada0f5b3279ea88) Importer(815301076,1909f56bfc062723c751e8b465ee728b)
Start importing Assets/BasAssetStore/LowPolyVillage/Prefabs/Bank/Bank_01.prefab using Guid(c1cad0a248d20c34fada0f5b3279ea88) Importer(815301076,1909f56bfc062723c751e8b465ee728b)  -> (artifact id: '8e5e73fa56cac9e030d90b860dac6ff7') in 0.190081 seconds 
========================================================================
Received Import Request.
  Time since last request: 0.000021 seconds.
  path: Assets/BasAssetStore/LowPolyVillage/Prefabs/Bank/Bank_02.prefab
  artifactKey: Guid(7a2294f24c802c24e9494529f96a9ca3) Importer(815301076,1909f56bfc062723c751e8b465ee728b)
Start importing Assets/BasAssetStore/LowPolyVillage/Prefabs/Bank/Bank_02.prefab using Guid(7a2294f24c802c24e9494529f96a9ca3) Importer(815301076,1909f56bfc062723c751e8b465ee728b)  -> (artifact id: '731435d35d2a94751d9bf0df08323b46') in 0.023300 seconds 
========================================================================
Received Import Request.
  Time since last request: 118.075919 seconds.
  path: Assets/BasAssetStore/LowPolyVillage/Prefabs/Barn/Barn_01.prefab
  artifactKey: Guid(91627a40468b6554997fd42252dca814) Importer(815301076,1909f56bfc062723c751e8b465ee728b)
Start importing Assets/BasAssetStore/LowPolyVillage/Prefabs/Barn/Barn_01.prefab using Guid(91627a40468b6554997fd42252dca814) Importer(815301076,1909f56bfc062723c751e8b465ee728b)  -> (artifact id: 'f753a83f0b4bcf21ac47eab075616219') in 0.020300 seconds 
========================================================================
Received Import Request.
  Time since last request: 0.000024 seconds.
  path: Assets/BasAssetStore/LowPolyVillage/Prefabs/Barn/Barn_02.prefab
  artifactKey: Guid(f0f11450893997e4dbb6f01190fea511) Importer(815301076,1909f56bfc062723c751e8b465ee728b)
Start importing Assets/BasAssetStore/LowPolyVillage/Prefabs/Barn/Barn_02.prefab using Guid(f0f11450893997e4dbb6f01190fea511) Importer(815301076,1909f56bfc062723c751e8b465ee728b)  -> (artifact id: 'cd5699b5e8480c88dab8d388d0aa4674') in 0.019200 seconds 
========================================================================
Received Import Request.
  Time since last request: 0.000029 seconds.
  path: Assets/BasAssetStore/LowPolyVillage/Prefabs/Barn/Barn_03.prefab
  artifactKey: Guid(dfb0fbdb3e1e8144e872ef4e41f9d317) Importer(815301076,1909f56bfc062723c751e8b465ee728b)
Start importing Assets/BasAssetStore/LowPolyVillage/Prefabs/Barn/Barn_03.prefab using Guid(dfb0fbdb3e1e8144e872ef4e41f9d317) Importer(815301076,1909f56bfc062723c751e8b465ee728b)  -> (artifact id: '041c133e4300aa0c4c794ac07f9ccae6') in 0.023869 seconds 
========================================================================
Received Import Request.
  Time since last request: 0.339185 seconds.
  path: Assets/BasAssetStore/LowPolyVillage/Prefabs/House/House_01.prefab
  artifactKey: Guid(9ec9a389e33c64a418c1a821a228a8b5) Importer(815301076,1909f56bfc062723c751e8b465ee728b)
Start importing Assets/BasAssetStore/LowPolyVillage/Prefabs/House/House_01.prefab using Guid(9ec9a389e33c64a418c1a821a228a8b5) Importer(815301076,1909f56bfc062723c751e8b465ee728b)  -> (artifact id: '112fc004e595ee78d11a4e365623033c') in 0.019220 seconds 
========================================================================
Received Import Request.
  Time since last request: 0.043367 seconds.
  path: Assets/BasAssetStore/LowPolyVillage/Prefabs/House/House_02.prefab
  artifactKey: Guid(def968192fd81424483a976346f52b66) Importer(815301076,1909f56bfc062723c751e8b465ee728b)
Start importing Assets/BasAssetStore/LowPolyVillage/Prefabs/House/House_02.prefab using Guid(def968192fd81424483a976346f52b66) Importer(815301076,1909f56bfc062723c751e8b465ee728b)  -> (artifact id: '669348995827d65ec1a1256a5d84dd90') in 0.014563 seconds 
========================================================================
Received Import Request.
  Time since last request: 0.000018 seconds.
  path: Assets/BasAssetStore/LowPolyVillage/Prefabs/House/House_06.prefab
  artifactKey: Guid(72604a75170e28a4d9d293a3b853864c) Importer(815301076,1909f56bfc062723c751e8b465ee728b)
Start importing Assets/BasAssetStore/LowPolyVillage/Prefabs/House/House_06.prefab using Guid(72604a75170e28a4d9d293a3b853864c) Importer(815301076,1909f56bfc062723c751e8b465ee728b)  -> (artifact id: 'b55be49f5356d8cc3bfc82c8cfe400a8') in 0.021365 seconds 
========================================================================
Received Import Request.
  Time since last request: 0.000021 seconds.
  path: Assets/BasAssetStore/LowPolyVillage/Prefabs/House/House_03.prefab
  artifactKey: Guid(184d205ad7b7e484ca73918442247db1) Importer(815301076,1909f56bfc062723c751e8b465ee728b)
Start importing Assets/BasAssetStore/LowPolyVillage/Prefabs/House/House_03.prefab using Guid(184d205ad7b7e484ca73918442247db1) Importer(815301076,1909f56bfc062723c751e8b465ee728b)  -> (artifact id: '92db2b2ac9ad8ee3bacbd8b5f67574d5') in 0.016412 seconds 
========================================================================
Received Import Request.
  Time since last request: 0.000027 seconds.
  path: Assets/BasAssetStore/LowPolyVillage/Prefabs/House/House_05.prefab
  artifactKey: Guid(a0929c345d695b446b781829efd07e27) Importer(815301076,1909f56bfc062723c751e8b465ee728b)
Start importing Assets/BasAssetStore/LowPolyVillage/Prefabs/House/House_05.prefab using Guid(a0929c345d695b446b781829efd07e27) Importer(815301076,1909f56bfc062723c751e8b465ee728b)  -> (artifact id: 'b7f74052b07669d11b2e77ac33057fb1') in 0.021968 seconds 
========================================================================
Received Import Request.
  Time since last request: 0.000060 seconds.
  path: Assets/BasAssetStore/LowPolyVillage/Prefabs/House/House_07.prefab
  artifactKey: Guid(6afd93558491a644aa321f16633b1586) Importer(815301076,1909f56bfc062723c751e8b465ee728b)
Start importing Assets/BasAssetStore/LowPolyVillage/Prefabs/House/House_07.prefab using Guid(6afd93558491a644aa321f16633b1586) Importer(815301076,1909f56bfc062723c751e8b465ee728b)  -> (artifact id: '4b48ae9e414c6afaa00017aa2105e771') in 0.023693 seconds 
========================================================================
Received Import Request.
  Time since last request: 0.000018 seconds.
  path: Assets/BasAssetStore/LowPolyVillage/Prefabs/House/House_04.prefab
  artifactKey: Guid(2014f532e36a21e4fa7048bc7e4b60e8) Importer(815301076,1909f56bfc062723c751e8b465ee728b)
Start importing Assets/BasAssetStore/LowPolyVillage/Prefabs/House/House_04.prefab using Guid(2014f532e36a21e4fa7048bc7e4b60e8) Importer(815301076,1909f56bfc062723c751e8b465ee728b)  -> (artifact id: '169eef0f352c229ba91e4b4aed5fd0ec') in 0.025065 seconds 
========================================================================
Received Import Request.
  Time since last request: 0.453365 seconds.
  path: Assets/BasAssetStore/LowPolyVillage/Prefabs/Other_Objects/Box.prefab
  artifactKey: Guid(ad7194aa8031aa74d9226754ef39fadc) Importer(815301076,1909f56bfc062723c751e8b465ee728b)
Start importing Assets/BasAssetStore/LowPolyVillage/Prefabs/Other_Objects/Box.prefab using Guid(ad7194aa8031aa74d9226754ef39fadc) Importer(815301076,1909f56bfc062723c751e8b465ee728b)  -> (artifact id: '1888cb4d41e066a0c6b9397f7e3bab38') in 0.021240 seconds 
========================================================================
Received Import Request.
  Time since last request: 0.000019 seconds.
  path: Assets/BasAssetStore/LowPolyVillage/Prefabs/Other_Objects/Vooden_Barrel.prefab
  artifactKey: Guid(1577a51f2ebf155438ad431e44edd054) Importer(815301076,1909f56bfc062723c751e8b465ee728b)
Start importing Assets/BasAssetStore/LowPolyVillage/Prefabs/Other_Objects/Vooden_Barrel.prefab using Guid(1577a51f2ebf155438ad431e44edd054) Importer(815301076,1909f56bfc062723c751e8b465ee728b)  -> (artifact id: 'e2a4a4f1100a05b0c05e90473ccf10ac') in 0.017406 seconds 
========================================================================
Received Import Request.
  Time since last request: 0.000017 seconds.
  path: Assets/BasAssetStore/LowPolyVillage/Prefabs/Other_Objects/Map.prefab
  artifactKey: Guid(ebfe282d3f4f1bb418147d0694096aa9) Importer(815301076,1909f56bfc062723c751e8b465ee728b)
Start importing Assets/BasAssetStore/LowPolyVillage/Prefabs/Other_Objects/Map.prefab using Guid(ebfe282d3f4f1bb418147d0694096aa9) Importer(815301076,1909f56bfc062723c751e8b465ee728b)  -> (artifact id: 'ee64ac71a97c3b9502a14ab4f218158c') in 0.021699 seconds 
========================================================================
Received Import Request.
  Time since last request: 0.000021 seconds.
  path: Assets/BasAssetStore/LowPolyVillage/Prefabs/Other_Objects/Well.prefab
  artifactKey: Guid(0224e7bbe5b06f74fa47bed3adcde6cd) Importer(815301076,1909f56bfc062723c751e8b465ee728b)
Start importing Assets/BasAssetStore/LowPolyVillage/Prefabs/Other_Objects/Well.prefab using Guid(0224e7bbe5b06f74fa47bed3adcde6cd) Importer(815301076,1909f56bfc062723c751e8b465ee728b)  -> (artifact id: '9afa47e5457828e6b1053b4b8385569c') in 0.022042 seconds 
========================================================================
Received Import Request.
  Time since last request: 0.000021 seconds.
  path: Assets/BasAssetStore/LowPolyVillage/Prefabs/Other_Objects/Water_Tank.prefab
  artifactKey: Guid(1b9e59d5bb6f48643b2067fd21e8c7b7) Importer(815301076,1909f56bfc062723c751e8b465ee728b)
Start importing Assets/BasAssetStore/LowPolyVillage/Prefabs/Other_Objects/Water_Tank.prefab using Guid(1b9e59d5bb6f48643b2067fd21e8c7b7) Importer(815301076,1909f56bfc062723c751e8b465ee728b)  -> (artifact id: '788546aa875be1c9945a89792304a30e') in 0.020600 seconds 
========================================================================
Received Import Request.
  Time since last request: 0.000023 seconds.
  path: Assets/BasAssetStore/LowPolyVillage/Prefabs/Other_Objects/Woods.prefab
  artifactKey: Guid(1ecf13f524bb9f24f8865999c4720fce) Importer(815301076,1909f56bfc062723c751e8b465ee728b)
Start importing Assets/BasAssetStore/LowPolyVillage/Prefabs/Other_Objects/Woods.prefab using Guid(1ecf13f524bb9f24f8865999c4720fce) Importer(815301076,1909f56bfc062723c751e8b465ee728b)  -> (artifact id: '0d08c277c2022cbf4ce68cf91830569f') in 0.024898 seconds 
========================================================================
Received Import Request.
  Time since last request: 0.000018 seconds.
  path: Assets/BasAssetStore/LowPolyVillage/Prefabs/Other_Objects/Wood_Car.prefab
  artifactKey: Guid(9acd46bf5bf85774e88502a8be84d200) Importer(815301076,1909f56bfc062723c751e8b465ee728b)
Start importing Assets/BasAssetStore/LowPolyVillage/Prefabs/Other_Objects/Wood_Car.prefab using Guid(9acd46bf5bf85774e88502a8be84d200) Importer(815301076,1909f56bfc062723c751e8b465ee728b)  -> (artifact id: 'b0e3ef63a5887641fa18fdab93a73c43') in 0.018235 seconds 
========================================================================
Received Import Request.
  Time since last request: 0.000021 seconds.
  path: Assets/BasAssetStore/LowPolyVillage/Prefabs/Other_Objects/Street_Lamp.prefab
  artifactKey: Guid(ee21998f11acbec418dff52eb5ecfde4) Importer(815301076,1909f56bfc062723c751e8b465ee728b)
Start importing Assets/BasAssetStore/LowPolyVillage/Prefabs/Other_Objects/Street_Lamp.prefab using Guid(ee21998f11acbec418dff52eb5ecfde4) Importer(815301076,1909f56bfc062723c751e8b465ee728b)  -> (artifact id: 'e0953581c9f9a9f000815d2cd2fd03df') in 0.020061 seconds 
========================================================================
Received Import Request.
  Time since last request: 0.000028 seconds.
  path: Assets/BasAssetStore/LowPolyVillage/Prefabs/Other_Objects/Watch_Tower.prefab
  artifactKey: Guid(958ebaba05daaea408218354ec7b8995) Importer(815301076,1909f56bfc062723c751e8b465ee728b)
Start importing Assets/BasAssetStore/LowPolyVillage/Prefabs/Other_Objects/Watch_Tower.prefab using Guid(958ebaba05daaea408218354ec7b8995) Importer(815301076,1909f56bfc062723c751e8b465ee728b)  -> (artifact id: '941a2d11ff0d4cef21efd441a7253415') in 0.021852 seconds 
========================================================================
Received Import Request.
  Time since last request: 0.000020 seconds.
  path: Assets/BasAssetStore/LowPolyVillage/Prefabs/Other_Objects/Chest.prefab
  artifactKey: Guid(5284e19d79f18ca43b024510c85409e2) Importer(815301076,1909f56bfc062723c751e8b465ee728b)
Start importing Assets/BasAssetStore/LowPolyVillage/Prefabs/Other_Objects/Chest.prefab using Guid(5284e19d79f18ca43b024510c85409e2) Importer(815301076,1909f56bfc062723c751e8b465ee728b)  -> (artifact id: '22c20dcfe9166779d881aba5ea3d9d5d') in 0.022267 seconds 
========================================================================
Received Import Request.
  Time since last request: 0.000022 seconds.
  path: Assets/BasAssetStore/LowPolyVillage/Prefabs/Other_Objects/Windmill.prefab
  artifactKey: Guid(dadc5d356bf1d214bb2e29c57c636430) Importer(815301076,1909f56bfc062723c751e8b465ee728b)
Start importing Assets/BasAssetStore/LowPolyVillage/Prefabs/Other_Objects/Windmill.prefab using Guid(dadc5d356bf1d214bb2e29c57c636430) Importer(815301076,1909f56bfc062723c751e8b465ee728b)  -> (artifact id: '42f3e8213b16001799d3966b9a9d635a') in 0.018553 seconds 
========================================================================
Received Import Request.
  Time since last request: 0.000019 seconds.
  path: Assets/BasAssetStore/LowPolyVillage/Prefabs/Other_Objects/Wood_02.prefab
  artifactKey: Guid(5c3bd99615643bd4c93c3866cb13d40b) Importer(815301076,1909f56bfc062723c751e8b465ee728b)
Start importing Assets/BasAssetStore/LowPolyVillage/Prefabs/Other_Objects/Wood_02.prefab using Guid(5c3bd99615643bd4c93c3866cb13d40b) Importer(815301076,1909f56bfc062723c751e8b465ee728b)  -> (artifact id: '217f8a91327fb47972e2d3fcde1d598f') in 0.067342 seconds 
========================================================================
Received Import Request.
  Time since last request: 0.000021 seconds.
  path: Assets/BasAssetStore/LowPolyVillage/Prefabs/Other_Objects/Wooden_Case.prefab
  artifactKey: Guid(3ee41b4affb3dc94586979509002914b) Importer(815301076,1909f56bfc062723c751e8b465ee728b)
Start importing Assets/BasAssetStore/LowPolyVillage/Prefabs/Other_Objects/Wooden_Case.prefab using Guid(3ee41b4affb3dc94586979509002914b) Importer(815301076,1909f56bfc062723c751e8b465ee728b)  -> (artifact id: '19d63fec301605486d859b06d5f94587') in 0.020217 seconds 
========================================================================
Received Import Request.
  Time since last request: 116.842263 seconds.
  path: Assets/BasAssetStore/LowPolyVillage/Prefabs/Stand/Stand_Empty_Wood.prefab
  artifactKey: Guid(918ca8ce04e69de4c953d61ff03bd365) Importer(815301076,1909f56bfc062723c751e8b465ee728b)
Start importing Assets/BasAssetStore/LowPolyVillage/Prefabs/Stand/Stand_Empty_Wood.prefab using Guid(918ca8ce04e69de4c953d61ff03bd365) Importer(815301076,1909f56bfc062723c751e8b465ee728b)  -> (artifact id: '7eaa48fe9d1ac11d7e5321064f505236') in 0.022320 seconds 
========================================================================
Received Import Request.
  Time since last request: 0.000023 seconds.
  path: Assets/BasAssetStore/LowPolyVillage/Prefabs/Stand/Stand_Purple.prefab
  artifactKey: Guid(29ef9a712a6f84541a21a423a1e1bbd1) Importer(815301076,1909f56bfc062723c751e8b465ee728b)
Start importing Assets/BasAssetStore/LowPolyVillage/Prefabs/Stand/Stand_Purple.prefab using Guid(29ef9a712a6f84541a21a423a1e1bbd1) Importer(815301076,1909f56bfc062723c751e8b465ee728b)  -> (artifact id: 'f63c4f3ef9d43516333938abdd91a500') in 0.027321 seconds 
========================================================================
Received Import Request.
  Time since last request: 0.000021 seconds.
  path: Assets/BasAssetStore/LowPolyVillage/Prefabs/Stand/Stand_Wood.prefab
  artifactKey: Guid(c357c9df5bbccec4b829a6e9dc3759c9) Importer(815301076,1909f56bfc062723c751e8b465ee728b)
Start importing Assets/BasAssetStore/LowPolyVillage/Prefabs/Stand/Stand_Wood.prefab using Guid(c357c9df5bbccec4b829a6e9dc3759c9) Importer(815301076,1909f56bfc062723c751e8b465ee728b)  -> (artifact id: '7db7d04438fb822ec963c14c387dc955') in 0.025946 seconds 
========================================================================
Received Import Request.
  Time since last request: 0.000019 seconds.
  path: Assets/BasAssetStore/LowPolyVillage/Prefabs/Stand/Stand_Orange.prefab
  artifactKey: Guid(f2a879fb0ab02e24091b2ade1c8d3ce8) Importer(815301076,1909f56bfc062723c751e8b465ee728b)
Start importing Assets/BasAssetStore/LowPolyVillage/Prefabs/Stand/Stand_Orange.prefab using Guid(f2a879fb0ab02e24091b2ade1c8d3ce8) Importer(815301076,1909f56bfc062723c751e8b465ee728b)  -> (artifact id: '3755851421a85fdc30d5fb6f620cb768') in 0.022337 seconds 
========================================================================
Received Import Request.
  Time since last request: 1264.656591 seconds.
  path: Assets/Tavern Interior By I.We.D/Prefabs
  artifactKey: Guid(dcc42863552ca8043bda70473bf76247) Importer(815301076,1909f56bfc062723c751e8b465ee728b)
Start importing Assets/Tavern Interior By I.We.D/Prefabs using Guid(dcc42863552ca8043bda70473bf76247) Importer(815301076,1909f56bfc062723c751e8b465ee728b)  -> (artifact id: '8b2c3ed1d5da6bf695cbbad8cef2dfab') in 0.007327 seconds 
========================================================================
Received Import Request.
  Time since last request: 1.078414 seconds.
  path: Assets/Tavern Interior By I.We.D/Prefabs/Default
  artifactKey: Guid(569be380da33cf948bcbfae5a23accae) Importer(815301076,1909f56bfc062723c751e8b465ee728b)
Start importing Assets/Tavern Interior By I.We.D/Prefabs/Default using Guid(569be380da33cf948bcbfae5a23accae) Importer(815301076,1909f56bfc062723c751e8b465ee728b)  -> (artifact id: '27701241a921a579365fdfbbd43033db') in 0.007111 seconds 
========================================================================
Received Import Request.
  Time since last request: 0.067995 seconds.
  path: Assets/Tavern Interior By I.We.D/Prefabs/Default/barCounter.prefab
  artifactKey: Guid(a831f2ef0ed36c443b42e4d50ee67217) Importer(815301076,1909f56bfc062723c751e8b465ee728b)
Start importing Assets/Tavern Interior By I.We.D/Prefabs/Default/barCounter.prefab using Guid(a831f2ef0ed36c443b42e4d50ee67217) Importer(815301076,1909f56bfc062723c751e8b465ee728b)  -> (artifact id: 'e402dae3f9a530ad1b84a4bc94551cca') in 0.023908 seconds 
========================================================================
Received Import Request.
  Time since last request: 0.000024 seconds.
  path: Assets/Tavern Interior By I.We.D/Prefabs/Default/plate1.prefab
  artifactKey: Guid(bb5ad7f6b25c6cb40bcb25554ae7ba9e) Importer(815301076,1909f56bfc062723c751e8b465ee728b)
Start importing Assets/Tavern Interior By I.We.D/Prefabs/Default/plate1.prefab using Guid(bb5ad7f6b25c6cb40bcb25554ae7ba9e) Importer(815301076,1909f56bfc062723c751e8b465ee728b)  -> (artifact id: '4d0acee0690005025804925bc20add4a') in 0.014224 seconds 
========================================================================
Received Import Request.
  Time since last request: 0.000025 seconds.
  path: Assets/Tavern Interior By I.We.D/Prefabs/Default/shelf.prefab
  artifactKey: Guid(f70d7840be4b49e40a999d73a5d8738e) Importer(815301076,1909f56bfc062723c751e8b465ee728b)
Start importing Assets/Tavern Interior By I.We.D/Prefabs/Default/shelf.prefab using Guid(f70d7840be4b49e40a999d73a5d8738e) Importer(815301076,1909f56bfc062723c751e8b465ee728b)  -> (artifact id: '4e765712538ac080533381bb9c35ef0a') in 0.013407 seconds 
========================================================================
Received Import Request.
  Time since last request: 0.000073 seconds.
  path: Assets/Tavern Interior By I.We.D/Prefabs/Default/bottle1.prefab
  artifactKey: Guid(f73e8979440854e4db673b7dab1e69a5) Importer(815301076,1909f56bfc062723c751e8b465ee728b)
Start importing Assets/Tavern Interior By I.We.D/Prefabs/Default/bottle1.prefab using Guid(f73e8979440854e4db673b7dab1e69a5) Importer(815301076,1909f56bfc062723c751e8b465ee728b)  -> (artifact id: '3289a0405ee4ca82324b303ae2757700') in 0.015284 seconds 
========================================================================
Received Import Request.
  Time since last request: 0.000028 seconds.
  path: Assets/Tavern Interior By I.We.D/Prefabs/Default/mug.prefab
  artifactKey: Guid(a9a8a17fbc5ca2e47aa025e052d1aca7) Importer(815301076,1909f56bfc062723c751e8b465ee728b)
Start importing Assets/Tavern Interior By I.We.D/Prefabs/Default/mug.prefab using Guid(a9a8a17fbc5ca2e47aa025e052d1aca7) Importer(815301076,1909f56bfc062723c751e8b465ee728b)  -> (artifact id: 'b3927fd3fb421b391731e83d1520b42d') in 0.014631 seconds 
========================================================================
Received Import Request.
  Time since last request: 0.000026 seconds.
  path: Assets/Tavern Interior By I.We.D/Prefabs/Default/plate2.prefab
  artifactKey: Guid(593224d4e12beb5459c508a256608bd9) Importer(815301076,1909f56bfc062723c751e8b465ee728b)
Start importing Assets/Tavern Interior By I.We.D/Prefabs/Default/plate2.prefab using Guid(593224d4e12beb5459c508a256608bd9) Importer(815301076,1909f56bfc062723c751e8b465ee728b)  -> (artifact id: '69b6ddbdfe27f27a9dd729f5c7a4aaf3') in 0.014488 seconds 
========================================================================
Received Import Request.
  Time since last request: 0.000081 seconds.
  path: Assets/Tavern Interior By I.We.D/Prefabs/Default/flag.prefab
  artifactKey: Guid(82d1fad849228e6418bad2e895f3a2c4) Importer(815301076,1909f56bfc062723c751e8b465ee728b)
Start importing Assets/Tavern Interior By I.We.D/Prefabs/Default/flag.prefab using Guid(82d1fad849228e6418bad2e895f3a2c4) Importer(815301076,1909f56bfc062723c751e8b465ee728b)  -> (artifact id: 'ac775f339e2abe243f0411bb478dc631') in 0.015720 seconds 
========================================================================
Received Import Request.
  Time since last request: 0.000038 seconds.
  path: Assets/Tavern Interior By I.We.D/Prefabs/Default/candleSmall.prefab
  artifactKey: Guid(b3e8897a3aeac7a4cb19642b030c5da4) Importer(815301076,1909f56bfc062723c751e8b465ee728b)
Start importing Assets/Tavern Interior By I.We.D/Prefabs/Default/candleSmall.prefab using Guid(b3e8897a3aeac7a4cb19642b030c5da4) Importer(815301076,1909f56bfc062723c751e8b465ee728b)  -> (artifact id: 'a59a0a03d7855614da2025c1b9b503d3') in 0.014370 seconds 
========================================================================
Received Import Request.
  Time since last request: 0.000025 seconds.
  path: Assets/Tavern Interior By I.We.D/Prefabs/Default/bottle3.prefab
  artifactKey: Guid(43c52e14641b3eb4695207350d2f4b8c) Importer(815301076,1909f56bfc062723c751e8b465ee728b)
Start importing Assets/Tavern Interior By I.We.D/Prefabs/Default/bottle3.prefab using Guid(43c52e14641b3eb4695207350d2f4b8c) Importer(815301076,1909f56bfc062723c751e8b465ee728b)  -> (artifact id: '4fb9031a2adec61ab87a041292f63fc4') in 0.014077 seconds 
========================================================================
Received Import Request.
  Time since last request: 0.000026 seconds.
  path: Assets/Tavern Interior By I.We.D/Prefabs/Default/candleBig.prefab
  artifactKey: Guid(88c9717dd46f97740a08966fac3e364d) Importer(815301076,1909f56bfc062723c751e8b465ee728b)
Start importing Assets/Tavern Interior By I.We.D/Prefabs/Default/candleBig.prefab using Guid(88c9717dd46f97740a08966fac3e364d) Importer(815301076,1909f56bfc062723c751e8b465ee728b)  -> (artifact id: '8f1e74ec494f796b7c05fa920c23442e') in 0.014486 seconds 
========================================================================
Received Import Request.
  Time since last request: 0.000027 seconds.
  path: Assets/Tavern Interior By I.We.D/Prefabs/Default/cupboard.prefab
  artifactKey: Guid(5169533ec1451994da6c8375b97741e2) Importer(815301076,1909f56bfc062723c751e8b465ee728b)
Start importing Assets/Tavern Interior By I.We.D/Prefabs/Default/cupboard.prefab using Guid(5169533ec1451994da6c8375b97741e2) Importer(815301076,1909f56bfc062723c751e8b465ee728b)  -> (artifact id: '22cc64f423b4ba912b7188a5af8473c8') in 0.016944 seconds 
========================================================================
Received Import Request.
  Time since last request: 0.000029 seconds.
  path: Assets/Tavern Interior By I.We.D/Prefabs/Default/shield.prefab
  artifactKey: Guid(a512c69e968279b42bef6c1aecbd02a4) Importer(815301076,1909f56bfc062723c751e8b465ee728b)
Start importing Assets/Tavern Interior By I.We.D/Prefabs/Default/shield.prefab using Guid(a512c69e968279b42bef6c1aecbd02a4) Importer(815301076,1909f56bfc062723c751e8b465ee728b)  -> (artifact id: '4ec9c5058ee83bd6f6f1b0bbc509d576') in 0.017729 seconds 
========================================================================
Received Import Request.
  Time since last request: 0.000034 seconds.
  path: Assets/Tavern Interior By I.We.D/Prefabs/Default/plate3.prefab
  artifactKey: Guid(3b572e852d61fcf4296abb41c15f77bb) Importer(815301076,1909f56bfc062723c751e8b465ee728b)
Start importing Assets/Tavern Interior By I.We.D/Prefabs/Default/plate3.prefab using Guid(3b572e852d61fcf4296abb41c15f77bb) Importer(815301076,1909f56bfc062723c751e8b465ee728b)  -> (artifact id: 'b80a56ff88ca4ff39f035d866e3c4587') in 0.014419 seconds 
========================================================================
Received Import Request.
  Time since last request: 0.000065 seconds.
  path: Assets/Tavern Interior By I.We.D/Prefabs/Default/torch.prefab
  artifactKey: Guid(5b5177d7183d34d4bbc39118a61e441c) Importer(815301076,1909f56bfc062723c751e8b465ee728b)
Start importing Assets/Tavern Interior By I.We.D/Prefabs/Default/torch.prefab using Guid(5b5177d7183d34d4bbc39118a61e441c) Importer(815301076,1909f56bfc062723c751e8b465ee728b)  -> (artifact id: '2dafa58f35ec1587691d4c608770d9e9') in 0.016586 seconds 
========================================================================
Received Import Request.
  Time since last request: 0.000021 seconds.
  path: Assets/Tavern Interior By I.We.D/Prefabs/Default/table2.prefab
  artifactKey: Guid(f7ec2e26e6d67ad4c86f203e8df02436) Importer(815301076,1909f56bfc062723c751e8b465ee728b)
Start importing Assets/Tavern Interior By I.We.D/Prefabs/Default/table2.prefab using Guid(f7ec2e26e6d67ad4c86f203e8df02436) Importer(815301076,1909f56bfc062723c751e8b465ee728b)  -> (artifact id: 'e43da122dbc2a8b6170b474a84bdb8ff') in 0.014085 seconds 
========================================================================
Received Import Request.
  Time since last request: 0.000027 seconds.
  path: Assets/Tavern Interior By I.We.D/Prefabs/Default/barrelCrane.prefab
  artifactKey: Guid(e72476fa8d7e0ce448789fcc8ebb2065) Importer(815301076,1909f56bfc062723c751e8b465ee728b)
Start importing Assets/Tavern Interior By I.We.D/Prefabs/Default/barrelCrane.prefab using Guid(e72476fa8d7e0ce448789fcc8ebb2065) Importer(815301076,1909f56bfc062723c751e8b465ee728b)  -> (artifact id: '36c7bede03ef5050c2fdc9f7cefa2d49') in 0.020174 seconds 
========================================================================
Received Import Request.
  Time since last request: 0.000027 seconds.
  path: Assets/Tavern Interior By I.We.D/Prefabs/Default/chandelier.prefab
  artifactKey: Guid(4ef783ffa41a70847b2c259e3979722b) Importer(815301076,1909f56bfc062723c751e8b465ee728b)
Start importing Assets/Tavern Interior By I.We.D/Prefabs/Default/chandelier.prefab using Guid(4ef783ffa41a70847b2c259e3979722b) Importer(815301076,1909f56bfc062723c751e8b465ee728b)  -> (artifact id: '022c4c1bbc17766dea90f1704d1892fa') in 0.015309 seconds 
========================================================================
Received Import Request.
  Time since last request: 0.000029 seconds.
  path: Assets/Tavern Interior By I.We.D/Prefabs/Default/box.prefab
  artifactKey: Guid(19e8d3a5d6fd6c645b21b4db508743c3) Importer(815301076,1909f56bfc062723c751e8b465ee728b)
Start importing Assets/Tavern Interior By I.We.D/Prefabs/Default/box.prefab using Guid(19e8d3a5d6fd6c645b21b4db508743c3) Importer(815301076,1909f56bfc062723c751e8b465ee728b)  -> (artifact id: '74be4055e44dda91e91af41fa52035ac') in 0.015106 seconds 
========================================================================
Received Import Request.
  Time since last request: 0.000034 seconds.
  path: Assets/Tavern Interior By I.We.D/Prefabs/Default/pitcher.prefab
  artifactKey: Guid(d703adc8cf309264985eed53eaf40064) Importer(815301076,1909f56bfc062723c751e8b465ee728b)
Start importing Assets/Tavern Interior By I.We.D/Prefabs/Default/pitcher.prefab using Guid(d703adc8cf309264985eed53eaf40064) Importer(815301076,1909f56bfc062723c751e8b465ee728b)  -> (artifact id: 'fbb67b06d8d658577690a978b547f6f4') in 0.012867 seconds 
========================================================================
Received Import Request.
  Time since last request: 0.000027 seconds.
  path: Assets/Tavern Interior By I.We.D/Prefabs/Default/bottle2.prefab
  artifactKey: Guid(3207867bd30022f458a665601e2159b9) Importer(815301076,1909f56bfc062723c751e8b465ee728b)
Start importing Assets/Tavern Interior By I.We.D/Prefabs/Default/bottle2.prefab using Guid(3207867bd30022f458a665601e2159b9) Importer(815301076,1909f56bfc062723c751e8b465ee728b)  -> (artifact id: '94dd2e4d254aacf1df4421d8c5ef69cc') in 0.013754 seconds 
========================================================================
Received Import Request.
  Time since last request: 0.000026 seconds.
  path: Assets/Tavern Interior By I.We.D/Prefabs/Default/barrel.prefab
  artifactKey: Guid(837e5a8981584af4789151a94d79d9e5) Importer(815301076,1909f56bfc062723c751e8b465ee728b)
Start importing Assets/Tavern Interior By I.We.D/Prefabs/Default/barrel.prefab using Guid(837e5a8981584af4789151a94d79d9e5) Importer(815301076,1909f56bfc062723c751e8b465ee728b)  -> (artifact id: '78c40b211a9f0f0d882c8cced28a6dd5') in 0.014343 seconds 
========================================================================
Received Import Request.
  Time since last request: 0.000024 seconds.
  path: Assets/Tavern Interior By I.We.D/Prefabs/Default/chair.prefab
  artifactKey: Guid(a01698bbbfe6a3a4f9242b702acb7b44) Importer(815301076,1909f56bfc062723c751e8b465ee728b)
Start importing Assets/Tavern Interior By I.We.D/Prefabs/Default/chair.prefab using Guid(a01698bbbfe6a3a4f9242b702acb7b44) Importer(815301076,1909f56bfc062723c751e8b465ee728b)  -> (artifact id: 'fcb35e24c6785151f018dcdda6d20bcf') in 0.014259 seconds 
========================================================================
Received Import Request.
  Time since last request: 0.000025 seconds.
  path: Assets/Tavern Interior By I.We.D/Prefabs/Default/bench.prefab
  artifactKey: Guid(8c72fe8c3608ac141b2e7a0df0ad0e8d) Importer(815301076,1909f56bfc062723c751e8b465ee728b)
Start importing Assets/Tavern Interior By I.We.D/Prefabs/Default/bench.prefab using Guid(8c72fe8c3608ac141b2e7a0df0ad0e8d) Importer(815301076,1909f56bfc062723c751e8b465ee728b)  -> (artifact id: '72daa58bb4eae45b3cc193a932f6f2e8') in 0.013581 seconds 
========================================================================
Received Import Request.
  Time since last request: 0.000018 seconds.
  path: Assets/Tavern Interior By I.We.D/Prefabs/Default/table1.prefab
  artifactKey: Guid(884726cafdd17424fad2b978890fa57f) Importer(815301076,1909f56bfc062723c751e8b465ee728b)
Start importing Assets/Tavern Interior By I.We.D/Prefabs/Default/table1.prefab using Guid(884726cafdd17424fad2b978890fa57f) Importer(815301076,1909f56bfc062723c751e8b465ee728b)  -> (artifact id: '63c29106d48ebc942caf79d2133b0335') in 0.013405 seconds 
