Using pre-set license
Built from '2021.3/staging' branch; Version is '2021.3.23f1 (213b516bf396) revision 2177873'; Using compiler version '192829333'; Build Type 'Release'
OS: 'Windows 11  (10.0.22621) 64bit Core' Language: 'ko' Physical Memory: 16317 MB
BatchMode: 1, IsHumanControllingUs: 0, StartBugReporterOnCrash: 0, Is64bit: 1, IsPro: 1

COMMAND LINE ARGUMENTS:
D:\2021.3.23f1\Editor\Unity.exe
-adb2
-batchMode
-noUpm
-name
AssetImportWorker0
-projectPath
D:/Git_Project/Capstone/Game
-logFile
Logs/AssetImportWorker0.log
-srvPort
7479
Successfully changed project path to: D:/Git_Project/Capstone/Game
D:/Git_Project/Capstone/Game
[UnityMemory] Configuration Parameters - Can be set up in boot.config
    "memorysetup-bucket-allocator-granularity=16"
    "memorysetup-bucket-allocator-bucket-count=8"
    "memorysetup-bucket-allocator-block-size=33554432"
    "memorysetup-bucket-allocator-block-count=8"
    "memorysetup-main-allocator-block-size=16777216"
    "memorysetup-thread-allocator-block-size=16777216"
    "memorysetup-gfx-main-allocator-block-size=16777216"
    "memorysetup-gfx-thread-allocator-block-size=16777216"
    "memorysetup-cache-allocator-block-size=4194304"
    "memorysetup-typetree-allocator-block-size=2097152"
    "memorysetup-profiler-bucket-allocator-granularity=16"
    "memorysetup-profiler-bucket-allocator-bucket-count=8"
    "memorysetup-profiler-bucket-allocator-block-size=33554432"
    "memorysetup-profiler-bucket-allocator-block-count=8"
    "memorysetup-profiler-allocator-block-size=16777216"
    "memorysetup-profiler-editor-allocator-block-size=1048576"
    "memorysetup-temp-allocator-size-main=16777216"
    "memorysetup-job-temp-allocator-block-size=2097152"
    "memorysetup-job-temp-allocator-block-size-background=1048576"
    "memorysetup-job-temp-allocator-reduction-small-platforms=262144"
    "memorysetup-temp-allocator-size-background-worker=32768"
    "memorysetup-temp-allocator-size-job-worker=262144"
    "memorysetup-temp-allocator-size-preload-manager=33554432"
    "memorysetup-temp-allocator-size-nav-mesh-worker=65536"
    "memorysetup-temp-allocator-size-audio-worker=65536"
    "memorysetup-temp-allocator-size-cloud-worker=32768"
    "memorysetup-temp-allocator-size-gi-baking-worker=262144"
    "memorysetup-temp-allocator-size-gfx=262144"
Player connection [24956] Host "[IP] 192.168.0.19 [Port] 0 [Flags] 2 [Guid] 3934625165 [EditorId] 3934625165 [Version] 1048832 [Id] WindowsEditor(7,DESKTOP-KCLQVT9) [Debug] 1 [PackageName] WindowsEditor [ProjectName] Editor" joined multi-casting on [225.0.0.222:54997]...

Player connection [24956] Host "[IP] 192.168.0.19 [Port] 0 [Flags] 2 [Guid] 3934625165 [EditorId] 3934625165 [Version] 1048832 [Id] WindowsEditor(7,DESKTOP-KCLQVT9) [Debug] 1 [PackageName] WindowsEditor [ProjectName] Editor" joined alternative multi-casting on [225.0.0.222:34997]...

Refreshing native plugins compatible for Editor in 128.90 ms, found 3 plugins.
Preloading 0 native plugins for Editor in 0.00 ms.
Initialize engine version: 2021.3.23f1 (213b516bf396)
[Subsystems] Discovering subsystems at path D:/2021.3.23f1/Editor/Data/Resources/UnitySubsystems
[Subsystems] Discovering subsystems at path D:/Git_Project/Capstone/Game/Assets
GfxDevice: creating device client; threaded=0; jobified=0
Direct3D:
    Version:  Direct3D 11.0 [level 11.1]
    Renderer: NVIDIA GeForce GTX 1660 Ti (ID=0x2182)
    Vendor:   NVIDIA
    VRAM:     5991 MB
    Driver:   31.0.15.1694
Initialize mono
Mono path[0] = 'D:/2021.3.23f1/Editor/Data/Managed'
Mono path[1] = 'D:/2021.3.23f1/Editor/Data/MonoBleedingEdge/lib/mono/unityjit-win32'
Mono config path = 'D:/2021.3.23f1/Editor/Data/MonoBleedingEdge/etc'
Using monoOptions --debugger-agent=transport=dt_socket,embedding=1,server=y,suspend=n,address=127.0.0.1:56064
Begin MonoManager ReloadAssembly
Registering precompiled unity dll's ...
Register platform support module: D:/2021.3.23f1/Editor/Data/PlaybackEngines/WindowsStandaloneSupport/UnityEditor.WindowsStandalone.Extensions.dll
Registered in 0.001665 seconds.
Native extension for WindowsStandalone target not found
Refreshing native plugins compatible for Editor in 124.46 ms, found 3 plugins.
Preloading 0 native plugins for Editor in 0.00 ms.
Mono: successfully reloaded assembly
- Completed reload, in  0.750 seconds
Domain Reload Profiling:
	ReloadAssembly (751ms)
		BeginReloadAssembly (100ms)
			ExecutionOrderSort (0ms)
			DisableScriptedObjects (0ms)
			BackupInstance (0ms)
			ReleaseScriptingObjects (0ms)
			CreateAndSetChildDomain (1ms)
		EndReloadAssembly (551ms)
			LoadAssemblies (99ms)
			RebuildTransferFunctionScriptingTraits (0ms)
			SetupTypeCache (121ms)
			ReleaseScriptCaches (0ms)
			RebuildScriptCaches (34ms)
			SetupLoadedEditorAssemblies (344ms)
				LogAssemblyErrors (0ms)
				InitializePlatformSupportModulesInManaged (8ms)
				SetLoadedEditorAssemblies (0ms)
				RefreshPlugins (125ms)
				BeforeProcessingInitializeOnLoad (2ms)
				ProcessInitializeOnLoadAttributes (145ms)
				ProcessInitializeOnLoadMethodAttributes (64ms)
				AfterProcessingInitializeOnLoad (0ms)
				EditorAssembliesLoaded (0ms)
			ExecutionOrderSort2 (0ms)
			AwakeInstancesAfterBackupRestoration (0ms)
Platform modules already initialized, skipping
Registering precompiled user dll's ...
Registered in 0.007453 seconds.
Begin MonoManager ReloadAssembly
Symbol file LoadedFromMemory doesn't match image D:\Git_Project\Capstone\Game\Library\PackageCache\com.unity.visualscripting@1.8.0\Editor\VisualScripting.Core\Dependencies\YamlDotNet\Unity.VisualScripting.YamlDotNet.dll
Symbol file LoadedFromMemory doesn't match image D:\Git_Project\Capstone\Game\Library\PackageCache\com.unity.visualscripting@1.8.0\Editor\VisualScripting.Core\Dependencies\DotNetZip\Unity.VisualScripting.IonicZip.dll
Native extension for WindowsStandalone target not found
Refreshing native plugins compatible for Editor in 128.77 ms, found 3 plugins.
Preloading 0 native plugins for Editor in 0.00 ms.
Mono: successfully reloaded assembly
- Completed reload, in  1.695 seconds
Domain Reload Profiling:
	ReloadAssembly (1696ms)
		BeginReloadAssembly (148ms)
			ExecutionOrderSort (0ms)
			DisableScriptedObjects (9ms)
			BackupInstance (0ms)
			ReleaseScriptingObjects (0ms)
			CreateAndSetChildDomain (22ms)
		EndReloadAssembly (1432ms)
			LoadAssemblies (138ms)
			RebuildTransferFunctionScriptingTraits (0ms)
			SetupTypeCache (427ms)
			ReleaseScriptCaches (1ms)
			RebuildScriptCaches (84ms)
			SetupLoadedEditorAssemblies (710ms)
				LogAssemblyErrors (0ms)
				InitializePlatformSupportModulesInManaged (4ms)
				SetLoadedEditorAssemblies (0ms)
				RefreshPlugins (129ms)
				BeforeProcessingInitializeOnLoad (142ms)
				ProcessInitializeOnLoadAttributes (333ms)
				ProcessInitializeOnLoadMethodAttributes (98ms)
				AfterProcessingInitializeOnLoad (3ms)
				EditorAssembliesLoaded (0ms)
			ExecutionOrderSort2 (0ms)
			AwakeInstancesAfterBackupRestoration (19ms)
Platform modules already initialized, skipping
========================================================================
Worker process is ready to serve import requests
Launched and connected shader compiler UnityShaderCompiler.exe after 0.08 seconds
Refreshing native plugins compatible for Editor in 0.77 ms, found 3 plugins.
Preloading 0 native plugins for Editor in 0.00 ms.
Unloading 4811 Unused Serialized files (Serialized files now loaded: 0)
Unloading 36 unused Assets / (0.8 MB). Loaded Objects now: 5261.
Memory consumption went from 194.8 MB to 194.0 MB.
Total: 4.072200 ms (FindLiveObjects: 0.389200 ms CreateObjectMapping: 0.332400 ms MarkObjects: 3.020900 ms  DeleteObjects: 0.328700 ms)

AssetImportParameters requested are different than current active one (requested -> active):
  custom:video-decoder-ogg-theora: a1e56fd34408186e4bbccfd4996cb3dc -> 
  custom:container-muxer-webm: aa71ff27fc2769a1b78a27578f13a17b -> 
  custom:container-demuxer-webm: 4f35f7cbe854078d1ac9338744f61a02 -> 
  custom:video-encoder-webm-vp8: eb34c28f22e8b96e1ab97ce403110664 -> 
  custom:audio-encoder-webm-vorbis: bf7c407c2cedff20999df2af8eb42d56 -> 
  custom:framework-win-MediaFoundation: 216162199b28c13a410421893ffa2e32 -> 
  custom:container-demuxer-ogg: 62fdf1f143b41e24485cea50d1cbac27 -> 
  custom:video-decoder-webm-vp8: 9c59270c3fd7afecdb556c50c9e8de78 -> 
  custom:audio-decoder-ogg-vorbis: bf7c407c2cedff20999df2af8eb42d56 -> 
========================================================================
Received Import Request.
  Time since last request: 35470.844814 seconds.
  path: Assets/BasAssetStore/LowPolyVillage/Prefabs/Stand/Stand_Empty_Wood.prefab
  artifactKey: Guid(918ca8ce04e69de4c953d61ff03bd365) Importer(815301076,1909f56bfc062723c751e8b465ee728b)
Start importing Assets/BasAssetStore/LowPolyVillage/Prefabs/Stand/Stand_Empty_Wood.prefab using Guid(918ca8ce04e69de4c953d61ff03bd365) Importer(815301076,1909f56bfc062723c751e8b465ee728b)  -> (artifact id: '3913171599704252aaff57aaa8a603f8') in 0.168650 seconds 
========================================================================
Received Import Request.
  Time since last request: 0.000020 seconds.
  path: Assets/BasAssetStore/LowPolyVillage/Prefabs/Stand/Stand_Purple.prefab
  artifactKey: Guid(29ef9a712a6f84541a21a423a1e1bbd1) Importer(815301076,1909f56bfc062723c751e8b465ee728b)
Start importing Assets/BasAssetStore/LowPolyVillage/Prefabs/Stand/Stand_Purple.prefab using Guid(29ef9a712a6f84541a21a423a1e1bbd1) Importer(815301076,1909f56bfc062723c751e8b465ee728b)  -> (artifact id: '4b8f1d464e5a941428d052e3b91ffeb1') in 0.038989 seconds 
========================================================================
Received Import Request.
  Time since last request: 0.000025 seconds.
  path: Assets/BasAssetStore/LowPolyVillage/Prefabs/Stand/Stand_Wood.prefab
  artifactKey: Guid(c357c9df5bbccec4b829a6e9dc3759c9) Importer(815301076,1909f56bfc062723c751e8b465ee728b)
Start importing Assets/BasAssetStore/LowPolyVillage/Prefabs/Stand/Stand_Wood.prefab using Guid(c357c9df5bbccec4b829a6e9dc3759c9) Importer(815301076,1909f56bfc062723c751e8b465ee728b)  -> (artifact id: '3b193b029ad475dbb427322434b184f7') in 0.034058 seconds 
========================================================================
Received Import Request.
  Time since last request: 0.000031 seconds.
  path: Assets/BasAssetStore/LowPolyVillage/Prefabs/Stand/Stand_Orange.prefab
  artifactKey: Guid(f2a879fb0ab02e24091b2ade1c8d3ce8) Importer(815301076,1909f56bfc062723c751e8b465ee728b)
Start importing Assets/BasAssetStore/LowPolyVillage/Prefabs/Stand/Stand_Orange.prefab using Guid(f2a879fb0ab02e24091b2ade1c8d3ce8) Importer(815301076,1909f56bfc062723c751e8b465ee728b)  -> (artifact id: '226332b80a22895c5ce7a2c3745ffef8') in 0.037267 seconds 
========================================================================
Received Import Request.
  Time since last request: 78.738786 seconds.
  path: Assets/BasAssetStore/LowPolyVillage/Material/HistoryVillage.mat
  artifactKey: Guid(eb006c95f6053e441bfe07640ce00891) Importer(815301076,1909f56bfc062723c751e8b465ee728b)
Start importing Assets/BasAssetStore/LowPolyVillage/Material/HistoryVillage.mat using Guid(eb006c95f6053e441bfe07640ce00891) Importer(815301076,1909f56bfc062723c751e8b465ee728b)  -> (artifact id: '0c4805fad6791b3bbd872338f2a3029d') in 0.034158 seconds 
========================================================================
Received Import Request.
  Time since last request: 5.998451 seconds.
  path: Assets/Polygon Farm Pack/Prefabs/014 Electric_ pole_with_wire.prefab
  artifactKey: Guid(3745f3888c4134d7588a127aa32a60cf) Importer(815301076,1909f56bfc062723c751e8b465ee728b)
Start importing Assets/Polygon Farm Pack/Prefabs/014 Electric_ pole_with_wire.prefab using Guid(3745f3888c4134d7588a127aa32a60cf) Importer(815301076,1909f56bfc062723c751e8b465ee728b)  -> (artifact id: '7c25489f945b29826971a7a3962a7c44') in 0.155290 seconds 
========================================================================
Received Import Request.
  Time since last request: 0.000027 seconds.
  path: Assets/Polygon Farm Pack/Prefabs/015 Electric_pole.prefab
  artifactKey: Guid(0b614ed4d11384b6690592e5fa3e788d) Importer(815301076,1909f56bfc062723c751e8b465ee728b)
Start importing Assets/Polygon Farm Pack/Prefabs/015 Electric_pole.prefab using Guid(0b614ed4d11384b6690592e5fa3e788d) Importer(815301076,1909f56bfc062723c751e8b465ee728b)  -> (artifact id: 'fb9f0255ee823261458fe2c1cae54a25') in 0.017416 seconds 
========================================================================
Received Import Request.
  Time since last request: 0.194784 seconds.
  path: Assets/Polygon Farm Pack/Prefabs/016 Electric_transformer.prefab
  artifactKey: Guid(23e879288a9004dc7bb5f2d1031a311a) Importer(815301076,1909f56bfc062723c751e8b465ee728b)
Start importing Assets/Polygon Farm Pack/Prefabs/016 Electric_transformer.prefab using Guid(23e879288a9004dc7bb5f2d1031a311a) Importer(815301076,1909f56bfc062723c751e8b465ee728b)  -> (artifact id: '8e62c3fc49f0a41e3db0d903d6a56af8') in 0.031082 seconds 
========================================================================
Received Import Request.
  Time since last request: 0.000021 seconds.
  path: Assets/Polygon Farm Pack/Prefabs/017 Garden_Bowl.prefab
  artifactKey: Guid(3c91744ab12bb472897e6e84a52ff1ee) Importer(815301076,1909f56bfc062723c751e8b465ee728b)
Start importing Assets/Polygon Farm Pack/Prefabs/017 Garden_Bowl.prefab using Guid(3c91744ab12bb472897e6e84a52ff1ee) Importer(815301076,1909f56bfc062723c751e8b465ee728b)  -> (artifact id: 'f395275b740077a337ce428a9ccb4bbe') in 0.022261 seconds 
========================================================================
Received Import Request.
  Time since last request: 0.020892 seconds.
  path: Assets/Polygon Farm Pack/Prefabs/018 Pitchfork.prefab
  artifactKey: Guid(ac58b45370a414817857bf84f9b8bd74) Importer(815301076,1909f56bfc062723c751e8b465ee728b)
Start importing Assets/Polygon Farm Pack/Prefabs/018 Pitchfork.prefab using Guid(ac58b45370a414817857bf84f9b8bd74) Importer(815301076,1909f56bfc062723c751e8b465ee728b)  -> (artifact id: '17758e53aa1c9446a2ea0b89c30631ca') in 0.045175 seconds 
========================================================================
Received Import Request.
  Time since last request: 0.000018 seconds.
  path: Assets/Polygon Farm Pack/Prefabs/019 Spade.prefab
  artifactKey: Guid(1eec9a71c3baa485aa5e7df9e1006ecf) Importer(815301076,1909f56bfc062723c751e8b465ee728b)
Start importing Assets/Polygon Farm Pack/Prefabs/019 Spade.prefab using Guid(1eec9a71c3baa485aa5e7df9e1006ecf) Importer(815301076,1909f56bfc062723c751e8b465ee728b)  -> (artifact id: '06d81dffff158e4c11db1eda4b080519') in 0.011732 seconds 
========================================================================
Received Import Request.
  Time since last request: 0.000015 seconds.
  path: Assets/Polygon Farm Pack/Prefabs/020 Fire_pit_with_Teapot.prefab
  artifactKey: Guid(f2c171dfeccf44c5fbb2446c92ef639d) Importer(815301076,1909f56bfc062723c751e8b465ee728b)
Start importing Assets/Polygon Farm Pack/Prefabs/020 Fire_pit_with_Teapot.prefab using Guid(f2c171dfeccf44c5fbb2446c92ef639d) Importer(815301076,1909f56bfc062723c751e8b465ee728b)  -> (artifact id: '74ed1419c7094b9ce2daeff42ca79e66') in 0.033117 seconds 
========================================================================
Received Import Request.
  Time since last request: 0.000024 seconds.
  path: Assets/Polygon Farm Pack/Prefabs/021 Fire_pit.prefab
  artifactKey: Guid(8d64f90c1fe094748af2b76cdae56d4a) Importer(815301076,1909f56bfc062723c751e8b465ee728b)
Start importing Assets/Polygon Farm Pack/Prefabs/021 Fire_pit.prefab using Guid(8d64f90c1fe094748af2b76cdae56d4a) Importer(815301076,1909f56bfc062723c751e8b465ee728b)  -> (artifact id: 'a79a5dbfaf0935c70a1836a3d6acbeac') in 0.042165 seconds 
========================================================================
Received Import Request.
  Time since last request: 0.000019 seconds.
  path: Assets/Polygon Farm Pack/Prefabs/023 Flower_Plant_Pink.prefab
  artifactKey: Guid(135e846adfe464edd93fc468b5f982ed) Importer(815301076,1909f56bfc062723c751e8b465ee728b)
Start importing Assets/Polygon Farm Pack/Prefabs/023 Flower_Plant_Pink.prefab using Guid(135e846adfe464edd93fc468b5f982ed) Importer(815301076,1909f56bfc062723c751e8b465ee728b)  -> (artifact id: '27064f9654b4c3ac10e5b23802b02394') in 0.013987 seconds 
========================================================================
Received Import Request.
  Time since last request: 0.000018 seconds.
  path: Assets/Polygon Farm Pack/Prefabs/022 Flower_Plant_Yellow.prefab
  artifactKey: Guid(cd0d34a05310640349deeb0ee06777ec) Importer(815301076,1909f56bfc062723c751e8b465ee728b)
Start importing Assets/Polygon Farm Pack/Prefabs/022 Flower_Plant_Yellow.prefab using Guid(cd0d34a05310640349deeb0ee06777ec) Importer(815301076,1909f56bfc062723c751e8b465ee728b)  -> (artifact id: 'f70ca4c1c1ab5dc05f5ac8ae7f3a2024') in 0.047476 seconds 
========================================================================
Received Import Request.
  Time since last request: 0.200990 seconds.
  path: Assets/Polygon Farm Pack/Prefabs/024 Flower_Plant_Blue.prefab
  artifactKey: Guid(9923739b89457482b9d1908cd31bf96b) Importer(815301076,1909f56bfc062723c751e8b465ee728b)
Start importing Assets/Polygon Farm Pack/Prefabs/024 Flower_Plant_Blue.prefab using Guid(9923739b89457482b9d1908cd31bf96b) Importer(815301076,1909f56bfc062723c751e8b465ee728b)  -> (artifact id: 'e56e5a020e7ccdab109788288e01f21f') in 0.079211 seconds 
========================================================================
Received Import Request.
  Time since last request: 0.000026 seconds.
  path: Assets/Polygon Farm Pack/Prefabs/025 Gazebo.prefab
  artifactKey: Guid(143a491d2b30441ecbb1f80c53e88d4d) Importer(815301076,1909f56bfc062723c751e8b465ee728b)
Start importing Assets/Polygon Farm Pack/Prefabs/025 Gazebo.prefab using Guid(143a491d2b30441ecbb1f80c53e88d4d) Importer(815301076,1909f56bfc062723c751e8b465ee728b)  -> (artifact id: '103ab7013264c3ba59afef093badf92d') in 0.014819 seconds 
========================================================================
Received Import Request.
  Time since last request: 0.019255 seconds.
  path: Assets/Polygon Farm Pack/Prefabs/026 Goat.prefab
  artifactKey: Guid(8adacea16cef14c469633798b84b49da) Importer(815301076,1909f56bfc062723c751e8b465ee728b)
Start importing Assets/Polygon Farm Pack/Prefabs/026 Goat.prefab using Guid(8adacea16cef14c469633798b84b49da) Importer(815301076,1909f56bfc062723c751e8b465ee728b)  -> (artifact id: 'f300ab398f48a55f0c74aa44354c45ba') in 0.022648 seconds 
========================================================================
Received Import Request.
  Time since last request: 0.000015 seconds.
  path: Assets/Polygon Farm Pack/Prefabs/027 House_1.prefab
  artifactKey: Guid(33f82142cfb124b47bbe3c3229f9e261) Importer(815301076,1909f56bfc062723c751e8b465ee728b)
Start importing Assets/Polygon Farm Pack/Prefabs/027 House_1.prefab using Guid(33f82142cfb124b47bbe3c3229f9e261) Importer(815301076,1909f56bfc062723c751e8b465ee728b)  -> (artifact id: 'fa5b1096e3c142b1e076602b5c7fca65') in 0.041450 seconds 
========================================================================
Received Import Request.
  Time since last request: 0.022243 seconds.
  path: Assets/Polygon Farm Pack/Prefabs/028 House_2.prefab
  artifactKey: Guid(7b81512e551824afe82722a813a66afa) Importer(815301076,1909f56bfc062723c751e8b465ee728b)
Start importing Assets/Polygon Farm Pack/Prefabs/028 House_2.prefab using Guid(7b81512e551824afe82722a813a66afa) Importer(815301076,1909f56bfc062723c751e8b465ee728b)  -> (artifact id: 'dfb43b5fa5d7e93f4088d6832a059aac') in 0.032527 seconds 
========================================================================
Received Import Request.
  Time since last request: 0.000015 seconds.
  path: Assets/Polygon Farm Pack/Prefabs/029 House_3.prefab
  artifactKey: Guid(73666db13194f47878ec1a8a92044d4d) Importer(815301076,1909f56bfc062723c751e8b465ee728b)
Start importing Assets/Polygon Farm Pack/Prefabs/029 House_3.prefab using Guid(73666db13194f47878ec1a8a92044d4d) Importer(815301076,1909f56bfc062723c751e8b465ee728b)  -> (artifact id: '2c785fd2fa340855a61b5f69e8d6906a') in 0.032595 seconds 
========================================================================
Received Import Request.
  Time since last request: 0.019106 seconds.
  path: Assets/Polygon Farm Pack/Prefabs/030 House_4.prefab
  artifactKey: Guid(c027ba085c4674092bc4dc1d6611c0a7) Importer(815301076,1909f56bfc062723c751e8b465ee728b)
Start importing Assets/Polygon Farm Pack/Prefabs/030 House_4.prefab using Guid(c027ba085c4674092bc4dc1d6611c0a7) Importer(815301076,1909f56bfc062723c751e8b465ee728b)  -> (artifact id: '7c0445057892797d0d93be08238688d7') in 0.078197 seconds 
========================================================================
Received Import Request.
  Time since last request: 0.000018 seconds.
  path: Assets/Polygon Farm Pack/Prefabs/031 House_5.prefab
  artifactKey: Guid(af1d6c673be8442eebe2768fb1fe516f) Importer(815301076,1909f56bfc062723c751e8b465ee728b)
Start importing Assets/Polygon Farm Pack/Prefabs/031 House_5.prefab using Guid(af1d6c673be8442eebe2768fb1fe516f) Importer(815301076,1909f56bfc062723c751e8b465ee728b)  -> (artifact id: 'e42ebea8466442edda339437c16eca7e') in 0.041716 seconds 
========================================================================
Received Import Request.
  Time since last request: 0.000018 seconds.
  path: Assets/Polygon Farm Pack/Prefabs/032 JCB.prefab
  artifactKey: Guid(145a3f465a15743189d092633acfeb26) Importer(815301076,1909f56bfc062723c751e8b465ee728b)
Start importing Assets/Polygon Farm Pack/Prefabs/032 JCB.prefab using Guid(145a3f465a15743189d092633acfeb26) Importer(815301076,1909f56bfc062723c751e8b465ee728b)  -> (artifact id: 'fa00f0c52224175d59c6e689a7ac2818') in 0.026162 seconds 
========================================================================
Received Import Request.
  Time since last request: 0.000024 seconds.
  path: Assets/Polygon Farm Pack/Prefabs/033 Lotus.prefab
  artifactKey: Guid(878bc16d451cf4e75a328e60976ba0ab) Importer(815301076,1909f56bfc062723c751e8b465ee728b)
Start importing Assets/Polygon Farm Pack/Prefabs/033 Lotus.prefab using Guid(878bc16d451cf4e75a328e60976ba0ab) Importer(815301076,1909f56bfc062723c751e8b465ee728b)  -> (artifact id: 'ffc8827a612a5fe45242bcfbd14f1015') in 0.014978 seconds 
========================================================================
Received Import Request.
  Time since last request: 0.289436 seconds.
  path: Assets/Polygon Farm Pack/Prefabs/034 Mountain_1.prefab
  artifactKey: Guid(5680c952848a44550ac38cd0bb5a2d4b) Importer(815301076,1909f56bfc062723c751e8b465ee728b)
Start importing Assets/Polygon Farm Pack/Prefabs/034 Mountain_1.prefab using Guid(5680c952848a44550ac38cd0bb5a2d4b) Importer(815301076,1909f56bfc062723c751e8b465ee728b)  -> (artifact id: 'efe8dea661977a28c386d83f4e3003e4') in 0.024899 seconds 
========================================================================
Received Import Request.
  Time since last request: 0.000016 seconds.
  path: Assets/Polygon Farm Pack/Prefabs/035 Mountain_2.prefab
  artifactKey: Guid(9f0cb73bca85d42669ead1094ad1605e) Importer(815301076,1909f56bfc062723c751e8b465ee728b)
Start importing Assets/Polygon Farm Pack/Prefabs/035 Mountain_2.prefab using Guid(9f0cb73bca85d42669ead1094ad1605e) Importer(815301076,1909f56bfc062723c751e8b465ee728b)  -> (artifact id: '328a1f94046142195406721bcdceab1d') in 0.037166 seconds 
========================================================================
Received Import Request.
  Time since last request: 0.022684 seconds.
  path: Assets/Polygon Farm Pack/Prefabs/036 Oil_Drum.prefab
  artifactKey: Guid(612132dcd55f7496d96772b015d4740c) Importer(815301076,1909f56bfc062723c751e8b465ee728b)
Start importing Assets/Polygon Farm Pack/Prefabs/036 Oil_Drum.prefab using Guid(612132dcd55f7496d96772b015d4740c) Importer(815301076,1909f56bfc062723c751e8b465ee728b)  -> (artifact id: '6170ed8b04b726097ceadd0900592d41') in 0.012264 seconds 
========================================================================
Received Import Request.
  Time since last request: 0.000016 seconds.
  path: Assets/Polygon Farm Pack/Prefabs/037 Swing.prefab
  artifactKey: Guid(d5fd1b4ce79ed4ce3b0e2f8fb431dd4f) Importer(815301076,1909f56bfc062723c751e8b465ee728b)
Start importing Assets/Polygon Farm Pack/Prefabs/037 Swing.prefab using Guid(d5fd1b4ce79ed4ce3b0e2f8fb431dd4f) Importer(815301076,1909f56bfc062723c751e8b465ee728b)  -> (artifact id: 'd56876db758d01ec8aa496db4d740419') in 0.016782 seconds 
========================================================================
Received Import Request.
  Time since last request: 0.126173 seconds.
  path: Assets/Polygon Farm Pack/Prefabs/038 Slider.prefab
  artifactKey: Guid(265fa8b1c020c49e0a61f8ca01355a8e) Importer(815301076,1909f56bfc062723c751e8b465ee728b)
Start importing Assets/Polygon Farm Pack/Prefabs/038 Slider.prefab using Guid(265fa8b1c020c49e0a61f8ca01355a8e) Importer(815301076,1909f56bfc062723c751e8b465ee728b)  -> (artifact id: 'a2bf402ec94af245b21dcd1cc34cadd7') in 0.014014 seconds 
========================================================================
Received Import Request.
  Time since last request: 0.000017 seconds.
  path: Assets/Polygon Farm Pack/Prefabs/039 Climbing.prefab
  artifactKey: Guid(86c6f49aea3304334aa201be0a260ce7) Importer(815301076,1909f56bfc062723c751e8b465ee728b)
Start importing Assets/Polygon Farm Pack/Prefabs/039 Climbing.prefab using Guid(86c6f49aea3304334aa201be0a260ce7) Importer(815301076,1909f56bfc062723c751e8b465ee728b)  -> (artifact id: 'd7afdb320d4c3ae62eaba6d9e7abad72') in 0.062894 seconds 
========================================================================
Received Import Request.
  Time since last request: 0.635439 seconds.
  path: Assets/Polygon Farm Pack/Prefabs/040 Plough.prefab
  artifactKey: Guid(a3e3f5c2d748941acb5a704439d02130) Importer(815301076,1909f56bfc062723c751e8b465ee728b)
Start importing Assets/Polygon Farm Pack/Prefabs/040 Plough.prefab using Guid(a3e3f5c2d748941acb5a704439d02130) Importer(815301076,1909f56bfc062723c751e8b465ee728b)  -> (artifact id: '6efbe7413642a6142ef8909c09c3459a') in 0.024229 seconds 
========================================================================
Received Import Request.
  Time since last request: 0.000023 seconds.
  path: Assets/Polygon Farm Pack/Prefabs/041 Pumpkin_Plant.prefab
  artifactKey: Guid(cd04d090cf5114755992e585cec11325) Importer(815301076,1909f56bfc062723c751e8b465ee728b)
Start importing Assets/Polygon Farm Pack/Prefabs/041 Pumpkin_Plant.prefab using Guid(cd04d090cf5114755992e585cec11325) Importer(815301076,1909f56bfc062723c751e8b465ee728b)  -> (artifact id: '8a569c6f1181cd8b974ab073e8fe754b') in 0.013623 seconds 
========================================================================
Received Import Request.
  Time since last request: 0.057349 seconds.
  path: Assets/Polygon Farm Pack/Prefabs/042 Pumpkin_Box.prefab
  artifactKey: Guid(36446e484434b48a8a00cdcabfe826bf) Importer(815301076,1909f56bfc062723c751e8b465ee728b)
Start importing Assets/Polygon Farm Pack/Prefabs/042 Pumpkin_Box.prefab using Guid(36446e484434b48a8a00cdcabfe826bf) Importer(815301076,1909f56bfc062723c751e8b465ee728b)  -> (artifact id: '5af724c64bb554e7cb4875b446be2fbb') in 0.016709 seconds 
========================================================================
Received Import Request.
  Time since last request: 0.000019 seconds.
  path: Assets/Polygon Farm Pack/Prefabs/043 River_Grass.prefab
  artifactKey: Guid(9be8c10a46c624e7f904a2921cade426) Importer(815301076,1909f56bfc062723c751e8b465ee728b)
Start importing Assets/Polygon Farm Pack/Prefabs/043 River_Grass.prefab using Guid(9be8c10a46c624e7f904a2921cade426) Importer(815301076,1909f56bfc062723c751e8b465ee728b)  -> (artifact id: 'aaab73ff28947ced0738957a060c73af') in 0.025156 seconds 
========================================================================
Received Import Request.
  Time since last request: 0.021391 seconds.
  path: Assets/Polygon Farm Pack/Prefabs/044 Scarecrow.prefab
  artifactKey: Guid(70a7ba4f735924d2d94505041642e116) Importer(815301076,1909f56bfc062723c751e8b465ee728b)
Start importing Assets/Polygon Farm Pack/Prefabs/044 Scarecrow.prefab using Guid(70a7ba4f735924d2d94505041642e116) Importer(815301076,1909f56bfc062723c751e8b465ee728b)  -> (artifact id: '6349f9253fb8932e6dde146064bb621c') in 0.015411 seconds 
========================================================================
Received Import Request.
  Time since last request: 0.000022 seconds.
  path: Assets/Polygon Farm Pack/Prefabs/045 Staire.prefab
  artifactKey: Guid(0afa460cfe0094c19870d6986b22dc44) Importer(815301076,1909f56bfc062723c751e8b465ee728b)
Start importing Assets/Polygon Farm Pack/Prefabs/045 Staire.prefab using Guid(0afa460cfe0094c19870d6986b22dc44) Importer(815301076,1909f56bfc062723c751e8b465ee728b)  -> (artifact id: '6208d72aed8a59f33b064226625edf29') in 0.012670 seconds 
========================================================================
Received Import Request.
  Time since last request: 0.297220 seconds.
  path: Assets/Polygon Farm Pack/Prefabs/046 Stone_1.prefab
  artifactKey: Guid(f3c779e6eab12443ebcb8e1acebdf033) Importer(815301076,1909f56bfc062723c751e8b465ee728b)
Start importing Assets/Polygon Farm Pack/Prefabs/046 Stone_1.prefab using Guid(f3c779e6eab12443ebcb8e1acebdf033) Importer(815301076,1909f56bfc062723c751e8b465ee728b)  -> (artifact id: '94eb25bdc96975ecf6c847f156840135') in 0.028703 seconds 
========================================================================
Received Import Request.
  Time since last request: 0.000021 seconds.
  path: Assets/Polygon Farm Pack/Prefabs/047 Stone_2.prefab
  artifactKey: Guid(ebb2a006b3eed4472a8c24c317a6bf00) Importer(815301076,1909f56bfc062723c751e8b465ee728b)
Start importing Assets/Polygon Farm Pack/Prefabs/047 Stone_2.prefab using Guid(ebb2a006b3eed4472a8c24c317a6bf00) Importer(815301076,1909f56bfc062723c751e8b465ee728b)  -> (artifact id: '5ad4366e34223f58352aede9c3cc6410') in 0.017713 seconds 
========================================================================
Received Import Request.
  Time since last request: 0.023610 seconds.
  path: Assets/Polygon Farm Pack/Prefabs/048 Stone_3.prefab
  artifactKey: Guid(6f0253218777c45378f52832abb89a92) Importer(815301076,1909f56bfc062723c751e8b465ee728b)
Start importing Assets/Polygon Farm Pack/Prefabs/048 Stone_3.prefab using Guid(6f0253218777c45378f52832abb89a92) Importer(815301076,1909f56bfc062723c751e8b465ee728b)  -> (artifact id: 'eaa131cfba8866f711685c5e1694517b') in 0.013240 seconds 
========================================================================
Received Import Request.
  Time since last request: 0.000016 seconds.
  path: Assets/Polygon Farm Pack/Prefabs/049 Sunflower_1.prefab
  artifactKey: Guid(1982c4b38ca7b4ebeb499d0b8b28d41b) Importer(815301076,1909f56bfc062723c751e8b465ee728b)
Start importing Assets/Polygon Farm Pack/Prefabs/049 Sunflower_1.prefab using Guid(1982c4b38ca7b4ebeb499d0b8b28d41b) Importer(815301076,1909f56bfc062723c751e8b465ee728b)  -> (artifact id: '56e910cd0ed1a74d459f1cd624d43337') in 0.039786 seconds 
========================================================================
Received Import Request.
  Time since last request: 0.281487 seconds.
  path: Assets/Polygon Farm Pack/Prefabs/050 Sunflower_2.prefab
  artifactKey: Guid(2096125bb87ad47d296a0163e59bb6fa) Importer(815301076,1909f56bfc062723c751e8b465ee728b)
Start importing Assets/Polygon Farm Pack/Prefabs/050 Sunflower_2.prefab using Guid(2096125bb87ad47d296a0163e59bb6fa) Importer(815301076,1909f56bfc062723c751e8b465ee728b)  -> (artifact id: '160809e67633f1d3ac1458f6c737d98f') in 0.031496 seconds 
========================================================================
Received Import Request.
  Time since last request: 0.000018 seconds.
  path: Assets/Polygon Farm Pack/Prefabs/051 Tractor.prefab
  artifactKey: Guid(1c0e3bdfbc5e04e40be7ebceb50e0e43) Importer(815301076,1909f56bfc062723c751e8b465ee728b)
Start importing Assets/Polygon Farm Pack/Prefabs/051 Tractor.prefab using Guid(1c0e3bdfbc5e04e40be7ebceb50e0e43) Importer(815301076,1909f56bfc062723c751e8b465ee728b)  -> (artifact id: '481f76955017f50b573babc693070f20') in 0.044641 seconds 
========================================================================
Received Import Request.
  Time since last request: 0.018711 seconds.
  path: Assets/Polygon Farm Pack/Prefabs/052 Apple_Tree.prefab
  artifactKey: Guid(e0a91ad6b87204d4da431e45ba030ba7) Importer(815301076,1909f56bfc062723c751e8b465ee728b)
Start importing Assets/Polygon Farm Pack/Prefabs/052 Apple_Tree.prefab using Guid(e0a91ad6b87204d4da431e45ba030ba7) Importer(815301076,1909f56bfc062723c751e8b465ee728b)  -> (artifact id: '14e493faee1f336bf84810f9aceb73d8') in 0.018092 seconds 
========================================================================
Received Import Request.
  Time since last request: 0.000023 seconds.
  path: Assets/Polygon Farm Pack/Prefabs/054 Tree_2.prefab
  artifactKey: Guid(e7c7a0c7c91b64836b980472907f16d9) Importer(815301076,1909f56bfc062723c751e8b465ee728b)
Start importing Assets/Polygon Farm Pack/Prefabs/054 Tree_2.prefab using Guid(e7c7a0c7c91b64836b980472907f16d9) Importer(815301076,1909f56bfc062723c751e8b465ee728b)  -> (artifact id: 'ec187e1db4dace3b2055ef9f51a3004c') in 0.013832 seconds 
========================================================================
Received Import Request.
  Time since last request: 0.000035 seconds.
  path: Assets/Polygon Farm Pack/Prefabs/053 Tree_1.prefab
  artifactKey: Guid(0aecf4e7eb9bf4f36aacdc28cff444fc) Importer(815301076,1909f56bfc062723c751e8b465ee728b)
Start importing Assets/Polygon Farm Pack/Prefabs/053 Tree_1.prefab using Guid(0aecf4e7eb9bf4f36aacdc28cff444fc) Importer(815301076,1909f56bfc062723c751e8b465ee728b)  -> (artifact id: 'e704471791fd0c58ce8d5289b527c6ee') in 0.018328 seconds 
========================================================================
Received Import Request.
  Time since last request: 0.000017 seconds.
  path: Assets/Polygon Farm Pack/Prefabs/056 Trolly.prefab
  artifactKey: Guid(0860553e7c007497ab768176ca471d3a) Importer(815301076,1909f56bfc062723c751e8b465ee728b)
Start importing Assets/Polygon Farm Pack/Prefabs/056 Trolly.prefab using Guid(0860553e7c007497ab768176ca471d3a) Importer(815301076,1909f56bfc062723c751e8b465ee728b)  -> (artifact id: '520d369d2a27f6b32fa31415738e31c0') in 0.020137 seconds 
========================================================================
Received Import Request.
  Time since last request: 0.000020 seconds.
  path: Assets/Polygon Farm Pack/Prefabs/057 Warehouse_1.prefab
  artifactKey: Guid(fda26e77de4bd4c9dbc4f734230c8a34) Importer(815301076,1909f56bfc062723c751e8b465ee728b)
Start importing Assets/Polygon Farm Pack/Prefabs/057 Warehouse_1.prefab using Guid(fda26e77de4bd4c9dbc4f734230c8a34) Importer(815301076,1909f56bfc062723c751e8b465ee728b)  -> (artifact id: 'c500ee85f5e3e1a50b4ed230dd1820af') in 0.012345 seconds 
========================================================================
Received Import Request.
  Time since last request: 0.000015 seconds.
  path: Assets/Polygon Farm Pack/Prefabs/059 Warehouse_3.prefab
  artifactKey: Guid(4d174a94c71634addb2254e5e9055cfa) Importer(815301076,1909f56bfc062723c751e8b465ee728b)
Start importing Assets/Polygon Farm Pack/Prefabs/059 Warehouse_3.prefab using Guid(4d174a94c71634addb2254e5e9055cfa) Importer(815301076,1909f56bfc062723c751e8b465ee728b)  -> (artifact id: 'b845da0a2756f5a5473e8caa13a1d608') in 0.015019 seconds 
========================================================================
Received Import Request.
  Time since last request: 0.000016 seconds.
  path: Assets/Polygon Farm Pack/Prefabs/058 Warehouse_2.prefab
  artifactKey: Guid(507daf23385a043ba9fd15bdec59b220) Importer(815301076,1909f56bfc062723c751e8b465ee728b)
Start importing Assets/Polygon Farm Pack/Prefabs/058 Warehouse_2.prefab using Guid(507daf23385a043ba9fd15bdec59b220) Importer(815301076,1909f56bfc062723c751e8b465ee728b)  -> (artifact id: '4f8d478729cd8a0d9a71e29638308712') in 0.043549 seconds 
========================================================================
Received Import Request.
  Time since last request: 0.000025 seconds.
  path: Assets/Polygon Farm Pack/Prefabs/055 Tree_3.prefab
  artifactKey: Guid(dd3143c6978f644d7be69d6f2752d0b8) Importer(815301076,1909f56bfc062723c751e8b465ee728b)
Start importing Assets/Polygon Farm Pack/Prefabs/055 Tree_3.prefab using Guid(dd3143c6978f644d7be69d6f2752d0b8) Importer(815301076,1909f56bfc062723c751e8b465ee728b)  -> (artifact id: '9b1a0f53b46c373a6e31c63e1c4168b2') in 0.024314 seconds 
========================================================================
Received Import Request.
  Time since last request: 0.190167 seconds.
  path: Assets/Polygon Farm Pack/Prefabs/060 Warehouse_4.prefab
  artifactKey: Guid(a710b84d38f88466ab32f77cea4eb9ff) Importer(815301076,1909f56bfc062723c751e8b465ee728b)
Start importing Assets/Polygon Farm Pack/Prefabs/060 Warehouse_4.prefab using Guid(a710b84d38f88466ab32f77cea4eb9ff) Importer(815301076,1909f56bfc062723c751e8b465ee728b)  -> (artifact id: 'b1a6d022acc16b4d0384f7e56fbfdb79') in 0.014965 seconds 
========================================================================
Received Import Request.
  Time since last request: 0.000017 seconds.
  path: Assets/Polygon Farm Pack/Prefabs/061 Warehouse_5.prefab
  artifactKey: Guid(2200efc65d5644d68b33173ad1c55f7a) Importer(815301076,1909f56bfc062723c751e8b465ee728b)
Start importing Assets/Polygon Farm Pack/Prefabs/061 Warehouse_5.prefab using Guid(2200efc65d5644d68b33173ad1c55f7a) Importer(815301076,1909f56bfc062723c751e8b465ee728b)  -> (artifact id: '206763e04d0bfc3529b8443a9bdf1302') in 0.015668 seconds 
========================================================================
Received Import Request.
  Time since last request: 0.047894 seconds.
  path: Assets/Polygon Farm Pack/Prefabs/062 Water_Turbine.prefab
  artifactKey: Guid(f07f783468b9c4997846680e8a8f5c73) Importer(815301076,1909f56bfc062723c751e8b465ee728b)
Start importing Assets/Polygon Farm Pack/Prefabs/062 Water_Turbine.prefab using Guid(f07f783468b9c4997846680e8a8f5c73) Importer(815301076,1909f56bfc062723c751e8b465ee728b)  -> (artifact id: '9fcfbdd702faf31b1e90fed8fd23814a') in 0.014764 seconds 
========================================================================
Received Import Request.
  Time since last request: 0.000022 seconds.
  path: Assets/Polygon Farm Pack/Prefabs/063 Water_Pump.prefab
  artifactKey: Guid(51152e9ff94584c7bb5e9c3418bb17bf) Importer(815301076,1909f56bfc062723c751e8b465ee728b)
Start importing Assets/Polygon Farm Pack/Prefabs/063 Water_Pump.prefab using Guid(51152e9ff94584c7bb5e9c3418bb17bf) Importer(815301076,1909f56bfc062723c751e8b465ee728b)  -> (artifact id: 'a299ca5da7908db192c95dfcb0af6591') in 0.013855 seconds 
========================================================================
Received Import Request.
  Time since last request: 0.049348 seconds.
  path: Assets/Polygon Farm Pack/Prefabs/064 Water_Tank.prefab
  artifactKey: Guid(f63ac2c9fe9834cbeaec9a0f47da6660) Importer(815301076,1909f56bfc062723c751e8b465ee728b)
Start importing Assets/Polygon Farm Pack/Prefabs/064 Water_Tank.prefab using Guid(f63ac2c9fe9834cbeaec9a0f47da6660) Importer(815301076,1909f56bfc062723c751e8b465ee728b)  -> (artifact id: 'e12305f9af3a434e43cadc7ee0675c32') in 0.012788 seconds 
========================================================================
Received Import Request.
  Time since last request: 0.000018 seconds.
  path: Assets/Polygon Farm Pack/Prefabs/065 Wall.prefab
  artifactKey: Guid(0df56f4bfcd3b44f893054c5f34105b4) Importer(815301076,1909f56bfc062723c751e8b465ee728b)
Start importing Assets/Polygon Farm Pack/Prefabs/065 Wall.prefab using Guid(0df56f4bfcd3b44f893054c5f34105b4) Importer(815301076,1909f56bfc062723c751e8b465ee728b)  -> (artifact id: 'c7fcf9050ef9d800820cc36df07ae33b') in 0.017710 seconds 
========================================================================
Received Import Request.
  Time since last request: 2.230291 seconds.
  path: Assets/Polygon Farm Pack/Prefabs/066 Windmill.prefab
  artifactKey: Guid(1ceda715df5e5496f83d091a7289c96e) Importer(815301076,1909f56bfc062723c751e8b465ee728b)
Start importing Assets/Polygon Farm Pack/Prefabs/066 Windmill.prefab using Guid(1ceda715df5e5496f83d091a7289c96e) Importer(815301076,1909f56bfc062723c751e8b465ee728b)  -> (artifact id: '7683b183d70f1074ec164b9693fa0886') in 0.339293 seconds 
========================================================================
Received Import Request.
  Time since last request: 0.000018 seconds.
  path: Assets/Polygon Farm Pack/Prefabs/067 Wood_Shed.prefab
  artifactKey: Guid(2f18ae9ad17e34492a9efaea0bdeb843) Importer(815301076,1909f56bfc062723c751e8b465ee728b)
Start importing Assets/Polygon Farm Pack/Prefabs/067 Wood_Shed.prefab using Guid(2f18ae9ad17e34492a9efaea0bdeb843) Importer(815301076,1909f56bfc062723c751e8b465ee728b)  -> (artifact id: '9ab02e7cece166369a5d6349b07c1c85') in 0.014529 seconds 
========================================================================
Received Import Request.
  Time since last request: 0.000028 seconds.
  path: Assets/Polygon Farm Pack/Prefabs/069 Wood_Fence_1.prefab
  artifactKey: Guid(c36c51e3c4b63415491547f374b218bc) Importer(815301076,1909f56bfc062723c751e8b465ee728b)
Start importing Assets/Polygon Farm Pack/Prefabs/069 Wood_Fence_1.prefab using Guid(c36c51e3c4b63415491547f374b218bc) Importer(815301076,1909f56bfc062723c751e8b465ee728b)  -> (artifact id: 'aada0d714e0cebc846cd07ecdf39bf76') in 0.029421 seconds 
========================================================================
Received Import Request.
  Time since last request: 0.000017 seconds.
  path: Assets/Polygon Farm Pack/Prefabs/068 Wood_Box.prefab
  artifactKey: Guid(11fac317a1bbc4ad9a58b9c24a69a11c) Importer(815301076,1909f56bfc062723c751e8b465ee728b)
Start importing Assets/Polygon Farm Pack/Prefabs/068 Wood_Box.prefab using Guid(11fac317a1bbc4ad9a58b9c24a69a11c) Importer(815301076,1909f56bfc062723c751e8b465ee728b)  -> (artifact id: '340230d262679699f4d74f94117de79d') in 0.039308 seconds 
========================================================================
Received Import Request.
  Time since last request: 0.689905 seconds.
  path: Assets/Polygon Farm Pack/Prefabs/070 Wood_Fence_2.prefab
  artifactKey: Guid(e65936f98ac27455096741e03ce158ea) Importer(815301076,1909f56bfc062723c751e8b465ee728b)
Start importing Assets/Polygon Farm Pack/Prefabs/070 Wood_Fence_2.prefab using Guid(e65936f98ac27455096741e03ce158ea) Importer(815301076,1909f56bfc062723c751e8b465ee728b)  -> (artifact id: '7f2957e6509e73e02250a217aa850fe0') in 0.018326 seconds 
========================================================================
Received Import Request.
  Time since last request: 0.000018 seconds.
  path: Assets/Polygon Farm Pack/Prefabs/072 House_6.prefab
  artifactKey: Guid(c1a934b2ae3a7443ab1e935131fceaef) Importer(815301076,1909f56bfc062723c751e8b465ee728b)
Start importing Assets/Polygon Farm Pack/Prefabs/072 House_6.prefab using Guid(c1a934b2ae3a7443ab1e935131fceaef) Importer(815301076,1909f56bfc062723c751e8b465ee728b)  -> (artifact id: '1078b4269462a7b19ff0ea95cc1b6701') in 0.017824 seconds 
========================================================================
Received Import Request.
  Time since last request: 0.055627 seconds.
  path: Assets/Polygon Farm Pack/Prefabs/073 Warehouse_6 (1).prefab
  artifactKey: Guid(dd7ec6a20e05045509ae027041123897) Importer(815301076,1909f56bfc062723c751e8b465ee728b)
Start importing Assets/Polygon Farm Pack/Prefabs/073 Warehouse_6 (1).prefab using Guid(dd7ec6a20e05045509ae027041123897) Importer(815301076,1909f56bfc062723c751e8b465ee728b)  -> (artifact id: 'ac7f292f1754cc69618a160ee8dfd675') in 0.019672 seconds 
========================================================================
Received Import Request.
  Time since last request: 0.000033 seconds.
  path: Assets/Polygon Farm Pack/Prefabs/073 Warehouse_6.prefab
  artifactKey: Guid(ff5cbf4ce73bc4a358d195dc85155944) Importer(815301076,1909f56bfc062723c751e8b465ee728b)
Start importing Assets/Polygon Farm Pack/Prefabs/073 Warehouse_6.prefab using Guid(ff5cbf4ce73bc4a358d195dc85155944) Importer(815301076,1909f56bfc062723c751e8b465ee728b)  -> (artifact id: '80b5cd5689f5c3dbd673dd68393cce12') in 0.052697 seconds 
========================================================================
Received Import Request.
  Time since last request: 0.058849 seconds.
  path: Assets/Polygon Farm Pack/Prefabs/Arc023.prefab
  artifactKey: Guid(c86c0dfc193044dabbb07fcc52a9f428) Importer(815301076,1909f56bfc062723c751e8b465ee728b)
Start importing Assets/Polygon Farm Pack/Prefabs/Arc023.prefab using Guid(c86c0dfc193044dabbb07fcc52a9f428) Importer(815301076,1909f56bfc062723c751e8b465ee728b)  -> (artifact id: 'f6e15ab81ecb6362d4f11d1f9f2795ee') in 0.054339 seconds 
========================================================================
Received Import Request.
  Time since last request: 0.000050 seconds.
  path: Assets/Polygon Farm Pack/Prefabs/Arc024.prefab
  artifactKey: Guid(ca78556f924944d9bbb67a30353a681b) Importer(815301076,1909f56bfc062723c751e8b465ee728b)
Start importing Assets/Polygon Farm Pack/Prefabs/Arc024.prefab using Guid(ca78556f924944d9bbb67a30353a681b) Importer(815301076,1909f56bfc062723c751e8b465ee728b)  -> (artifact id: '44719035e3f45973d227025570b4d424') in 0.026620 seconds 
========================================================================
Received Import Request.
  Time since last request: 0.000034 seconds.
  path: Assets/Polygon Farm Pack/Prefabs/Arc033.prefab
  artifactKey: Guid(8506d92a6deb94c058ee4899d5661149) Importer(815301076,1909f56bfc062723c751e8b465ee728b)
Start importing Assets/Polygon Farm Pack/Prefabs/Arc033.prefab using Guid(8506d92a6deb94c058ee4899d5661149) Importer(815301076,1909f56bfc062723c751e8b465ee728b)  -> (artifact id: '5459361450141ad24ff302a572eef94f') in 0.013342 seconds 
========================================================================
Received Import Request.
  Time since last request: 0.000025 seconds.
  path: Assets/Polygon Farm Pack/Prefabs/Arc034.prefab
  artifactKey: Guid(aceb679763b8b4937a34fff48e2ae7fd) Importer(815301076,1909f56bfc062723c751e8b465ee728b)
Start importing Assets/Polygon Farm Pack/Prefabs/Arc034.prefab using Guid(aceb679763b8b4937a34fff48e2ae7fd) Importer(815301076,1909f56bfc062723c751e8b465ee728b)  -> (artifact id: 'ee9f9f38a7976314b1d35d1ee174de20') in 0.013026 seconds 
========================================================================
Received Import Request.
  Time since last request: 0.745348 seconds.
  path: Assets/Polygon Farm Pack/Prefabs/Fence_1.prefab
  artifactKey: Guid(8286f18a6b0f94ff9a97fc57cec1095d) Importer(815301076,1909f56bfc062723c751e8b465ee728b)
Start importing Assets/Polygon Farm Pack/Prefabs/Fence_1.prefab using Guid(8286f18a6b0f94ff9a97fc57cec1095d) Importer(815301076,1909f56bfc062723c751e8b465ee728b)  -> (artifact id: '4096cf1f8baada61e2ccf1cf6bd427a0') in 0.012377 seconds 
========================================================================
Received Import Request.
  Time since last request: 0.000018 seconds.
  path: Assets/Polygon Farm Pack/Prefabs/Fence_2.prefab
  artifactKey: Guid(9cc4095220044459daa7c892db4a2ad5) Importer(815301076,1909f56bfc062723c751e8b465ee728b)
Start importing Assets/Polygon Farm Pack/Prefabs/Fence_2.prefab using Guid(9cc4095220044459daa7c892db4a2ad5) Importer(815301076,1909f56bfc062723c751e8b465ee728b)  -> (artifact id: '164c70291adfaa4f01b1ad9f149789ac') in 0.025976 seconds 
========================================================================
Received Import Request.
  Time since last request: 0.388720 seconds.
  path: Assets/Polygon Farm Pack/Prefabs/Fence_3.prefab
  artifactKey: Guid(c89863ae2e57042b3b0aa5d9780202b7) Importer(815301076,1909f56bfc062723c751e8b465ee728b)
Start importing Assets/Polygon Farm Pack/Prefabs/Fence_3.prefab using Guid(c89863ae2e57042b3b0aa5d9780202b7) Importer(815301076,1909f56bfc062723c751e8b465ee728b)  -> (artifact id: '5f1ab253448dcee431c759a5808bcf39') in 0.012877 seconds 
========================================================================
Received Import Request.
  Time since last request: 0.000020 seconds.
  path: Assets/Polygon Farm Pack/Prefabs/Fence_4.prefab
  artifactKey: Guid(abdfc7ec7e50c43418f742a968ff11fc) Importer(815301076,1909f56bfc062723c751e8b465ee728b)
Start importing Assets/Polygon Farm Pack/Prefabs/Fence_4.prefab using Guid(abdfc7ec7e50c43418f742a968ff11fc) Importer(815301076,1909f56bfc062723c751e8b465ee728b)  -> (artifact id: '95f2a827648bf277f9eb054581335d79') in 0.012794 seconds 
========================================================================
Received Import Request.
  Time since last request: 1.700010 seconds.
  path: Assets/Polygon Farm Pack/Prefabs/Fence_5.prefab
  artifactKey: Guid(b335c43825659453e885b49a7d127c5e) Importer(815301076,1909f56bfc062723c751e8b465ee728b)
Start importing Assets/Polygon Farm Pack/Prefabs/Fence_5.prefab using Guid(b335c43825659453e885b49a7d127c5e) Importer(815301076,1909f56bfc062723c751e8b465ee728b)  -> (artifact id: 'f98fd3e29f6bb091906cdd73137df189') in 0.015889 seconds 
========================================================================
Received Import Request.
  Time since last request: 0.000019 seconds.
  path: Assets/Polygon Farm Pack/Prefabs/Fence_6.prefab
  artifactKey: Guid(e7b82f2ba175840a8b11d38ee313aa77) Importer(815301076,1909f56bfc062723c751e8b465ee728b)
Start importing Assets/Polygon Farm Pack/Prefabs/Fence_6.prefab using Guid(e7b82f2ba175840a8b11d38ee313aa77) Importer(815301076,1909f56bfc062723c751e8b465ee728b)  -> (artifact id: '5af2dee31bb96c3d0b52159b3819c876') in 0.014532 seconds 
========================================================================
Received Import Request.
  Time since last request: 0.051900 seconds.
  path: Assets/Polygon Farm Pack/Prefabs/Fence_7.prefab
  artifactKey: Guid(61dc9dc53bbcd464facc046fac589eff) Importer(815301076,1909f56bfc062723c751e8b465ee728b)
Start importing Assets/Polygon Farm Pack/Prefabs/Fence_7.prefab using Guid(61dc9dc53bbcd464facc046fac589eff) Importer(815301076,1909f56bfc062723c751e8b465ee728b)  -> (artifact id: '0a647edf5652d6de2b9df09274157326') in 0.023912 seconds 
========================================================================
Received Import Request.
  Time since last request: 0.000019 seconds.
  path: Assets/Polygon Farm Pack/Prefabs/Fence_8.prefab
  artifactKey: Guid(ea809180d8b6e4ecea9ffc348669519f) Importer(815301076,1909f56bfc062723c751e8b465ee728b)
Start importing Assets/Polygon Farm Pack/Prefabs/Fence_8.prefab using Guid(ea809180d8b6e4ecea9ffc348669519f) Importer(815301076,1909f56bfc062723c751e8b465ee728b)  -> (artifact id: '1f7f38b7f65ba6e9ebe679d00c13ccea') in 0.014391 seconds 
========================================================================
Received Import Request.
  Time since last request: 0.547328 seconds.
  path: Assets/Polygon Farm Pack/Prefabs/Fence_9.prefab
  artifactKey: Guid(a24d4bf4940f14b4e9fcb998a8c4487a) Importer(815301076,1909f56bfc062723c751e8b465ee728b)
Start importing Assets/Polygon Farm Pack/Prefabs/Fence_9.prefab using Guid(a24d4bf4940f14b4e9fcb998a8c4487a) Importer(815301076,1909f56bfc062723c751e8b465ee728b)  -> (artifact id: 'dced2479c096309c625c8e6de9402e30') in 0.040078 seconds 
========================================================================
Received Import Request.
  Time since last request: 0.000020 seconds.
  path: Assets/Polygon Farm Pack/Prefabs/Fence_11.prefab
  artifactKey: Guid(225e3e371cab343a5ad6f91b9fea7534) Importer(815301076,1909f56bfc062723c751e8b465ee728b)
Start importing Assets/Polygon Farm Pack/Prefabs/Fence_11.prefab using Guid(225e3e371cab343a5ad6f91b9fea7534) Importer(815301076,1909f56bfc062723c751e8b465ee728b)  -> (artifact id: 'abf5e6f75759c5ceb26bded0e7256b34') in 0.012371 seconds 
========================================================================
Received Import Request.
  Time since last request: 0.000016 seconds.
  path: Assets/Polygon Farm Pack/Prefabs/Fence_12.prefab
  artifactKey: Guid(cf6f474fdc2884bc08230960cb0ec16a) Importer(815301076,1909f56bfc062723c751e8b465ee728b)
Start importing Assets/Polygon Farm Pack/Prefabs/Fence_12.prefab using Guid(cf6f474fdc2884bc08230960cb0ec16a) Importer(815301076,1909f56bfc062723c751e8b465ee728b)  -> (artifact id: 'a2b39b3ea29fd6ff3c73fabd25aae658') in 0.019462 seconds 
========================================================================
Received Import Request.
  Time since last request: 0.000018 seconds.
  path: Assets/Polygon Farm Pack/Prefabs/Fence_10.prefab
  artifactKey: Guid(7a72b9b7fd7d74465b6da800457b2f9c) Importer(815301076,1909f56bfc062723c751e8b465ee728b)
Start importing Assets/Polygon Farm Pack/Prefabs/Fence_10.prefab using Guid(7a72b9b7fd7d74465b6da800457b2f9c) Importer(815301076,1909f56bfc062723c751e8b465ee728b)  -> (artifact id: '9537f197446e9c236834e95f61b09015') in 0.010640 seconds 
========================================================================
Received Import Request.
  Time since last request: 0.000019 seconds.
  path: Assets/Polygon Farm Pack/Prefabs/Fence_13.prefab
  artifactKey: Guid(55c32004fd9814951a6abb2647baf8ce) Importer(815301076,1909f56bfc062723c751e8b465ee728b)
Start importing Assets/Polygon Farm Pack/Prefabs/Fence_13.prefab using Guid(55c32004fd9814951a6abb2647baf8ce) Importer(815301076,1909f56bfc062723c751e8b465ee728b)  -> (artifact id: '5ab248d11b5b9b77cf083294bc214303') in 0.012600 seconds 
========================================================================
Received Import Request.
  Time since last request: 0.000021 seconds.
  path: Assets/Polygon Farm Pack/Prefabs/Line150.prefab
  artifactKey: Guid(d7a6800d235ca45deb6b557346b1b90b) Importer(815301076,1909f56bfc062723c751e8b465ee728b)
Start importing Assets/Polygon Farm Pack/Prefabs/Line150.prefab using Guid(d7a6800d235ca45deb6b557346b1b90b) Importer(815301076,1909f56bfc062723c751e8b465ee728b)  -> (artifact id: '3230c7d0fd02dbef31a7c010aa8d117c') in 0.015606 seconds 
========================================================================
Received Import Request.
  Time since last request: 0.003151 seconds.
  path: Assets/Polygon Farm Pack/Prefabs/Line152.prefab
  artifactKey: Guid(80c80bb0848fd45fda8bebfdf712cbff) Importer(815301076,1909f56bfc062723c751e8b465ee728b)
Start importing Assets/Polygon Farm Pack/Prefabs/Line152.prefab using Guid(80c80bb0848fd45fda8bebfdf712cbff) Importer(815301076,1909f56bfc062723c751e8b465ee728b)  -> (artifact id: 'ffc915fc5f37a959656fb67c707e314e') in 0.015111 seconds 
========================================================================
Received Import Request.
  Time since last request: 0.000021 seconds.
  path: Assets/Polygon Farm Pack/Prefabs/Line159.prefab
  artifactKey: Guid(8c180668b080d442f8f01292d910d560) Importer(815301076,1909f56bfc062723c751e8b465ee728b)
Start importing Assets/Polygon Farm Pack/Prefabs/Line159.prefab using Guid(8c180668b080d442f8f01292d910d560) Importer(815301076,1909f56bfc062723c751e8b465ee728b)  -> (artifact id: '8df47a8042cebf8c47a474f4697a3196') in 0.011004 seconds 
========================================================================
Received Import Request.
  Time since last request: 0.386698 seconds.
  path: Assets/Polygon Farm Pack/Prefabs/Plane.prefab
  artifactKey: Guid(76334ac3bbb2340438cf1d3aba3ddeba) Importer(815301076,1909f56bfc062723c751e8b465ee728b)
Start importing Assets/Polygon Farm Pack/Prefabs/Plane.prefab using Guid(76334ac3bbb2340438cf1d3aba3ddeba) Importer(815301076,1909f56bfc062723c751e8b465ee728b)  -> (artifact id: 'e2991b1f4b57b5010bb5df1be053ff6c') in 0.013551 seconds 
========================================================================
Received Import Request.
  Time since last request: 0.000019 seconds.
  path: Assets/Polygon Farm Pack/Prefabs/Pumpkin.prefab
  artifactKey: Guid(0444026810856491d90b5af44ba24c2f) Importer(815301076,1909f56bfc062723c751e8b465ee728b)
Start importing Assets/Polygon Farm Pack/Prefabs/Pumpkin.prefab using Guid(0444026810856491d90b5af44ba24c2f) Importer(815301076,1909f56bfc062723c751e8b465ee728b)  -> (artifact id: '2f0c25f1e68de88d72cac8534954d7de') in 0.014014 seconds 
========================================================================
Received Import Request.
  Time since last request: 0.054802 seconds.
  path: Assets/Polygon Farm Pack/Prefabs/Tree_182.prefab
  artifactKey: Guid(6cb2c25a1eba34ffcac9f29a2d57fc7d) Importer(815301076,1909f56bfc062723c751e8b465ee728b)
Start importing Assets/Polygon Farm Pack/Prefabs/Tree_182.prefab using Guid(6cb2c25a1eba34ffcac9f29a2d57fc7d) Importer(815301076,1909f56bfc062723c751e8b465ee728b)  -> (artifact id: '5d56685a68a74d650aea7b01957faf4c') in 0.012137 seconds 
========================================================================
Received Import Request.
  Time since last request: 0.000017 seconds.
  path: Assets/Polygon Farm Pack/Prefabs/wire_1.prefab
  artifactKey: Guid(dbbd72be345624526b9d33fcf1c4d923) Importer(815301076,1909f56bfc062723c751e8b465ee728b)
Start importing Assets/Polygon Farm Pack/Prefabs/wire_1.prefab using Guid(dbbd72be345624526b9d33fcf1c4d923) Importer(815301076,1909f56bfc062723c751e8b465ee728b)  -> (artifact id: 'ea17c21a61629dff9a2d94bac155dfec') in 0.012200 seconds 
========================================================================
Received Import Request.
  Time since last request: 0.000018 seconds.
  path: Assets/Polygon Farm Pack/Prefabs/wire_2.prefab
  artifactKey: Guid(eb7c194594a0346d3b57413473c7e7cf) Importer(815301076,1909f56bfc062723c751e8b465ee728b)
Start importing Assets/Polygon Farm Pack/Prefabs/wire_2.prefab using Guid(eb7c194594a0346d3b57413473c7e7cf) Importer(815301076,1909f56bfc062723c751e8b465ee728b)  -> (artifact id: '31fa0a6cce2b13a38786e01dc5f1e5a0') in 0.011526 seconds 
========================================================================
Received Import Request.
  Time since last request: 216.825303 seconds.
  path: Assets/BasAssetStore/LowPolyVillage/Texture/historyvillage.png
  artifactKey: Guid(964753714c42813498e9e7d85e3eb754) Importer(815301076,1909f56bfc062723c751e8b465ee728b)
Start importing Assets/BasAssetStore/LowPolyVillage/Texture/historyvillage.png using Guid(964753714c42813498e9e7d85e3eb754) Importer(815301076,1909f56bfc062723c751e8b465ee728b)  -> (artifact id: '6d9f46f78c178df8b34be0aaa40db829') in 0.040442 seconds 
========================================================================
Received Import Request.
  Time since last request: 0.677354 seconds.
  path: Assets/Polygon Farm Pack/Material/36.mat
  artifactKey: Guid(2f12ef98825104c12b921181131c3fef) Importer(815301076,1909f56bfc062723c751e8b465ee728b)
Start importing Assets/Polygon Farm Pack/Material/36.mat using Guid(2f12ef98825104c12b921181131c3fef) Importer(815301076,1909f56bfc062723c751e8b465ee728b)  -> (artifact id: '64fa2880dbf4fc9d1e473069f842028d') in 0.014414 seconds 
========================================================================
Received Import Request.
  Time since last request: 0.000018 seconds.
  path: Assets/Polygon Farm Pack/Material/43.mat
  artifactKey: Guid(6016736898caf4748ace3c9215132c69) Importer(815301076,1909f56bfc062723c751e8b465ee728b)
Start importing Assets/Polygon Farm Pack/Material/43.mat using Guid(6016736898caf4748ace3c9215132c69) Importer(815301076,1909f56bfc062723c751e8b465ee728b)  -> (artifact id: '00cc02df80dd1bf894b668208735ceca') in 0.018846 seconds 
========================================================================
Received Import Request.
  Time since last request: 0.000020 seconds.
  path: Assets/Polygon Farm Pack/Material/51.mat
  artifactKey: Guid(545c4a8ccdf5e403b8a9a64a1b0695e0) Importer(815301076,1909f56bfc062723c751e8b465ee728b)
Start importing Assets/Polygon Farm Pack/Material/51.mat using Guid(545c4a8ccdf5e403b8a9a64a1b0695e0) Importer(815301076,1909f56bfc062723c751e8b465ee728b)  -> (artifact id: '431415b0ed1fde3dd93acd3f36bc3bad') in 0.027351 seconds 
========================================================================
Received Import Request.
  Time since last request: 0.000024 seconds.
  path: Assets/Polygon Farm Pack/Material/40.mat
  artifactKey: Guid(3b973bbbde05b48c4a836be9ed501b96) Importer(815301076,1909f56bfc062723c751e8b465ee728b)
Start importing Assets/Polygon Farm Pack/Material/40.mat using Guid(3b973bbbde05b48c4a836be9ed501b96) Importer(815301076,1909f56bfc062723c751e8b465ee728b)  -> (artifact id: 'ee0afcb76e710778d73f1c79ff4ce592') in 0.032548 seconds 
========================================================================
Received Import Request.
  Time since last request: 0.000021 seconds.
  path: Assets/Polygon Farm Pack/Material/44.mat
  artifactKey: Guid(a7fa7f407b51e49c39817864bc0a643d) Importer(815301076,1909f56bfc062723c751e8b465ee728b)
Start importing Assets/Polygon Farm Pack/Material/44.mat using Guid(a7fa7f407b51e49c39817864bc0a643d) Importer(815301076,1909f56bfc062723c751e8b465ee728b)  -> (artifact id: '62dfa407acada89c3ad42f3dd9abd8db') in 0.029274 seconds 
========================================================================
Received Import Request.
  Time since last request: 0.000021 seconds.
  path: Assets/Polygon Farm Pack/Material/52.mat
  artifactKey: Guid(15157fb096c914b18b68d58ca3a789c1) Importer(815301076,1909f56bfc062723c751e8b465ee728b)
Start importing Assets/Polygon Farm Pack/Material/52.mat using Guid(15157fb096c914b18b68d58ca3a789c1) Importer(815301076,1909f56bfc062723c751e8b465ee728b)  -> (artifact id: '166fe105d3fd32ab378492ff3b5048c2') in 0.024369 seconds 
========================================================================
Received Import Request.
  Time since last request: 0.000021 seconds.
  path: Assets/Polygon Farm Pack/Material/48.mat
  artifactKey: Guid(4ceafd83c56df48429553129b1062b53) Importer(815301076,1909f56bfc062723c751e8b465ee728b)
Start importing Assets/Polygon Farm Pack/Material/48.mat using Guid(4ceafd83c56df48429553129b1062b53) Importer(815301076,1909f56bfc062723c751e8b465ee728b)  -> (artifact id: '29fc48d71257e1ffe8d21b6f19a7400b') in 0.022708 seconds 
========================================================================
Received Import Request.
  Time since last request: 0.000026 seconds.
  path: Assets/Polygon Farm Pack/Material/41.mat
  artifactKey: Guid(36f3475a34aac4edca19b039341cf516) Importer(815301076,1909f56bfc062723c751e8b465ee728b)
Start importing Assets/Polygon Farm Pack/Material/41.mat using Guid(36f3475a34aac4edca19b039341cf516) Importer(815301076,1909f56bfc062723c751e8b465ee728b)  -> (artifact id: 'a3e822282ec16e02fcfecccfb1ab1506') in 0.033089 seconds 
========================================================================
Received Import Request.
  Time since last request: 0.000032 seconds.
  path: Assets/Polygon Farm Pack/Material/55.mat
  artifactKey: Guid(2f31d019f12b2482083d5269c0e9413c) Importer(815301076,1909f56bfc062723c751e8b465ee728b)
Start importing Assets/Polygon Farm Pack/Material/55.mat using Guid(2f31d019f12b2482083d5269c0e9413c) Importer(815301076,1909f56bfc062723c751e8b465ee728b)  -> (artifact id: 'c43c22c46512e2403fad6a6a9e6f858e') in 0.030267 seconds 
========================================================================
Received Import Request.
  Time since last request: 0.000024 seconds.
  path: Assets/Polygon Farm Pack/Material/37.mat
  artifactKey: Guid(4acc6bcf2187c4871b853efd1cddf517) Importer(815301076,1909f56bfc062723c751e8b465ee728b)
Start importing Assets/Polygon Farm Pack/Material/37.mat using Guid(4acc6bcf2187c4871b853efd1cddf517) Importer(815301076,1909f56bfc062723c751e8b465ee728b)  -> (artifact id: 'ce06ad53b461eea36dcdbf3609361f59') in 0.033202 seconds 
========================================================================
Received Import Request.
  Time since last request: 0.000017 seconds.
  path: Assets/Polygon Farm Pack/Material/Apple2.mat
  artifactKey: Guid(fd8bfaf93dd5e4d6e8921aa4f5f96452) Importer(815301076,1909f56bfc062723c751e8b465ee728b)
Start importing Assets/Polygon Farm Pack/Material/Apple2.mat using Guid(fd8bfaf93dd5e4d6e8921aa4f5f96452) Importer(815301076,1909f56bfc062723c751e8b465ee728b)  -> (artifact id: 'd3ec0ac666129a90d7e27020fa2d9526') in 0.017243 seconds 
========================================================================
Received Import Request.
  Time since last request: 0.000025 seconds.
  path: Assets/Polygon Farm Pack/Material/49.mat
  artifactKey: Guid(85470601f00f645ad81e15b52546f7d3) Importer(815301076,1909f56bfc062723c751e8b465ee728b)
Start importing Assets/Polygon Farm Pack/Material/49.mat using Guid(85470601f00f645ad81e15b52546f7d3) Importer(815301076,1909f56bfc062723c751e8b465ee728b)  -> (artifact id: '83c51b3b9e6573f85d64f0fd63b240f0') in 0.012986 seconds 
========================================================================
Received Import Request.
  Time since last request: 0.000017 seconds.
  path: Assets/Polygon Farm Pack/Material/_defaultMat3.mat
  artifactKey: Guid(1bcbfd3d6e83f4a068e949da735adee0) Importer(815301076,1909f56bfc062723c751e8b465ee728b)
Start importing Assets/Polygon Farm Pack/Material/_defaultMat3.mat using Guid(1bcbfd3d6e83f4a068e949da735adee0) Importer(815301076,1909f56bfc062723c751e8b465ee728b)  -> (artifact id: '10e2fb9894a19d86b1c59d68042e4435') in 0.010679 seconds 
========================================================================
Received Import Request.
  Time since last request: 0.000019 seconds.
  path: Assets/Polygon Farm Pack/Material/46.mat
  artifactKey: Guid(dd190960b003149f890c5da1bad34170) Importer(815301076,1909f56bfc062723c751e8b465ee728b)
Start importing Assets/Polygon Farm Pack/Material/46.mat using Guid(dd190960b003149f890c5da1bad34170) Importer(815301076,1909f56bfc062723c751e8b465ee728b)  -> (artifact id: 'de3762becd176db15657977412401df4') in 0.011535 seconds 
========================================================================
Received Import Request.
  Time since last request: 0.000020 seconds.
  path: Assets/Polygon Farm Pack/Material/47.mat
  artifactKey: Guid(7f7a2e4f9c60a4bb798ac865463da19c) Importer(815301076,1909f56bfc062723c751e8b465ee728b)
Start importing Assets/Polygon Farm Pack/Material/47.mat using Guid(7f7a2e4f9c60a4bb798ac865463da19c) Importer(815301076,1909f56bfc062723c751e8b465ee728b)  -> (artifact id: '1dab677eca7fb0203c183c686d9bbce3') in 0.011887 seconds 
========================================================================
Received Import Request.
  Time since last request: 0.000019 seconds.
  path: Assets/Polygon Farm Pack/Material/Apple1.mat
  artifactKey: Guid(5ded0bf066c00491eb31354881ef879b) Importer(815301076,1909f56bfc062723c751e8b465ee728b)
Start importing Assets/Polygon Farm Pack/Material/Apple1.mat using Guid(5ded0bf066c00491eb31354881ef879b) Importer(815301076,1909f56bfc062723c751e8b465ee728b)  -> (artifact id: '144d7a299a035e8ed1e35ec0b7b57ad0') in 0.010918 seconds 
========================================================================
Received Import Request.
  Time since last request: 0.000017 seconds.
  path: Assets/Polygon Farm Pack/Material/Apple_leaf1.mat
  artifactKey: Guid(70b733436e73d44a5891d5632e9e762b) Importer(815301076,1909f56bfc062723c751e8b465ee728b)
Start importing Assets/Polygon Farm Pack/Material/Apple_leaf1.mat using Guid(70b733436e73d44a5891d5632e9e762b) Importer(815301076,1909f56bfc062723c751e8b465ee728b)  -> (artifact id: 'f851c5392c61352ccc3d2b66138aa7f8') in 0.012555 seconds 
========================================================================
Received Import Request.
  Time since last request: 0.000030 seconds.
  path: Assets/Polygon Farm Pack/Material/50.mat
  artifactKey: Guid(bfdc1731e9ace4c46b9785f9e613f2d2) Importer(815301076,1909f56bfc062723c751e8b465ee728b)
Start importing Assets/Polygon Farm Pack/Material/50.mat using Guid(bfdc1731e9ace4c46b9785f9e613f2d2) Importer(815301076,1909f56bfc062723c751e8b465ee728b)  -> (artifact id: '67da6c723dea57845a21207e506c8ecc') in 0.014730 seconds 
========================================================================
Received Import Request.
  Time since last request: 0.215295 seconds.
  path: Assets/Polygon Farm Pack/Meshes/002 Base.FBX
  artifactKey: Guid(3da5e5996f068ce4882568fd981b4058) Importer(815301076,1909f56bfc062723c751e8b465ee728b)
Start importing Assets/Polygon Farm Pack/Meshes/002 Base.FBX using Guid(3da5e5996f068ce4882568fd981b4058) Importer(815301076,1909f56bfc062723c751e8b465ee728b)  -> (artifact id: '842cee65ac347710ef351c60e9828ca9') in 0.095281 seconds 
========================================================================
Received Import Request.
  Time since last request: 0.000020 seconds.
  path: Assets/Polygon Farm Pack/Meshes/004 Boat.FBX
  artifactKey: Guid(d174a725fe4c4874eaa5ee9b236a6612) Importer(815301076,1909f56bfc062723c751e8b465ee728b)
Start importing Assets/Polygon Farm Pack/Meshes/004 Boat.FBX using Guid(d174a725fe4c4874eaa5ee9b236a6612) Importer(815301076,1909f56bfc062723c751e8b465ee728b)  -> (artifact id: '4f0c9cd6af3180996deaa5ea8b919a8e') in 0.022123 seconds 
========================================================================
Received Import Request.
  Time since last request: 0.000020 seconds.
  path: Assets/Polygon Farm Pack/Meshes/022 Flower_Plant_Yellow.FBX
  artifactKey: Guid(46b516dce9e6b824b85f7c04478f5db6) Importer(815301076,1909f56bfc062723c751e8b465ee728b)
Start importing Assets/Polygon Farm Pack/Meshes/022 Flower_Plant_Yellow.FBX using Guid(46b516dce9e6b824b85f7c04478f5db6) Importer(815301076,1909f56bfc062723c751e8b465ee728b)  -> (artifact id: 'a7224b44ee03af8049ca05e147b1cc19') in 0.020585 seconds 
========================================================================
Received Import Request.
  Time since last request: 0.000020 seconds.
  path: Assets/Polygon Farm Pack/Meshes/009 Corn_Plant_1.FBX
  artifactKey: Guid(7df4a340bdc40b34a85756d26280fdcc) Importer(815301076,1909f56bfc062723c751e8b465ee728b)
Start importing Assets/Polygon Farm Pack/Meshes/009 Corn_Plant_1.FBX using Guid(7df4a340bdc40b34a85756d26280fdcc) Importer(815301076,1909f56bfc062723c751e8b465ee728b)  -> (artifact id: '5873e8b665f200ac810447506b4ac2b3') in 0.027300 seconds 
========================================================================
Received Import Request.
  Time since last request: 0.000020 seconds.
  path: Assets/Polygon Farm Pack/Meshes/021 Fire_pit.FBX
  artifactKey: Guid(0b3e51ff2049847458e47d8581d7d5df) Importer(815301076,1909f56bfc062723c751e8b465ee728b)
Start importing Assets/Polygon Farm Pack/Meshes/021 Fire_pit.FBX using Guid(0b3e51ff2049847458e47d8581d7d5df) Importer(815301076,1909f56bfc062723c751e8b465ee728b)  -> (artifact id: 'f109ed9e2d593df205a1e7abc8b1d5f3') in 0.081830 seconds 
========================================================================
Received Import Request.
  Time since last request: 0.000022 seconds.
  path: Assets/Polygon Farm Pack/Meshes/025 Gazebo.FBX
  artifactKey: Guid(6a1dd08f1383a89448e02cd1a6003305) Importer(815301076,1909f56bfc062723c751e8b465ee728b)
Start importing Assets/Polygon Farm Pack/Meshes/025 Gazebo.FBX using Guid(6a1dd08f1383a89448e02cd1a6003305) Importer(815301076,1909f56bfc062723c751e8b465ee728b)  -> (artifact id: 'fc3e3acb92380b8a87dab6b2e5279b8e') in 0.068561 seconds 
========================================================================
Received Import Request.
  Time since last request: 0.000114 seconds.
  path: Assets/Polygon Farm Pack/Meshes/012 Dry_Grass_roll.FBX
  artifactKey: Guid(388327d9510174947a65daf8d847496a) Importer(815301076,1909f56bfc062723c751e8b465ee728b)
Start importing Assets/Polygon Farm Pack/Meshes/012 Dry_Grass_roll.FBX using Guid(388327d9510174947a65daf8d847496a) Importer(815301076,1909f56bfc062723c751e8b465ee728b)  -> (artifact id: '15a51641dca103e6033a7788668b4efc') in 0.029784 seconds 
========================================================================
Received Import Request.
  Time since last request: 0.000040 seconds.
  path: Assets/Polygon Farm Pack/Meshes/010 Corn_Plant_2.FBX
  artifactKey: Guid(00e4ec41471db9a4d84df06dde5587c5) Importer(815301076,1909f56bfc062723c751e8b465ee728b)
Start importing Assets/Polygon Farm Pack/Meshes/010 Corn_Plant_2.FBX using Guid(00e4ec41471db9a4d84df06dde5587c5) Importer(815301076,1909f56bfc062723c751e8b465ee728b)  -> (artifact id: 'a6036ac76ca8f9e35c1f3d4f8c709c1a') in 0.021723 seconds 
========================================================================
Received Import Request.
  Time since last request: 0.000023 seconds.
  path: Assets/Polygon Farm Pack/Meshes/026 Goat.FBX
  artifactKey: Guid(18115ef9b08b0a44fad1db21d6578a3e) Importer(815301076,1909f56bfc062723c751e8b465ee728b)
Start importing Assets/Polygon Farm Pack/Meshes/026 Goat.FBX using Guid(18115ef9b08b0a44fad1db21d6578a3e) Importer(815301076,1909f56bfc062723c751e8b465ee728b)  -> (artifact id: '9da9ba1f4f9e4b9fac5ef81b9d90254a') in 0.022503 seconds 
========================================================================
Received Import Request.
  Time since last request: 0.000018 seconds.
  path: Assets/Polygon Farm Pack/Meshes/028 House_2.FBX
  artifactKey: Guid(760cff38d3d5b674da4cb1271184c66f) Importer(815301076,1909f56bfc062723c751e8b465ee728b)
Start importing Assets/Polygon Farm Pack/Meshes/028 House_2.FBX using Guid(760cff38d3d5b674da4cb1271184c66f) Importer(815301076,1909f56bfc062723c751e8b465ee728b)  -> (artifact id: '6d80c8d6f3cb4878826b7ad2549c04a2') in 0.023171 seconds 
========================================================================
Received Import Request.
  Time since last request: 0.000021 seconds.
  path: Assets/Polygon Farm Pack/Meshes/008 Corn_Plants.FBX
  artifactKey: Guid(d7cada3372d90b848b6a230ba911fbb2) Importer(815301076,1909f56bfc062723c751e8b465ee728b)
Start importing Assets/Polygon Farm Pack/Meshes/008 Corn_Plants.FBX using Guid(d7cada3372d90b848b6a230ba911fbb2) Importer(815301076,1909f56bfc062723c751e8b465ee728b)  -> (artifact id: '165810f906a8a2386190e8969577dbfb') in 0.074593 seconds 
========================================================================
Received Import Request.
  Time since last request: 0.000026 seconds.
  path: Assets/Polygon Farm Pack/Meshes/027 House_1.FBX
  artifactKey: Guid(7108aee9a0df66e418aa2bb8b5e3ab0e) Importer(815301076,1909f56bfc062723c751e8b465ee728b)
Start importing Assets/Polygon Farm Pack/Meshes/027 House_1.FBX using Guid(7108aee9a0df66e418aa2bb8b5e3ab0e) Importer(815301076,1909f56bfc062723c751e8b465ee728b)  -> (artifact id: '5379a610581910040700ea15a502490e') in 0.028139 seconds 
========================================================================
Received Import Request.
  Time since last request: 0.000028 seconds.
  path: Assets/Polygon Farm Pack/Meshes/014 Electric_ pole_with_wire.FBX
  artifactKey: Guid(63a555fe9389058428d9f397eb292087) Importer(815301076,1909f56bfc062723c751e8b465ee728b)
Start importing Assets/Polygon Farm Pack/Meshes/014 Electric_ pole_with_wire.FBX using Guid(63a555fe9389058428d9f397eb292087) Importer(815301076,1909f56bfc062723c751e8b465ee728b)  -> (artifact id: '0ca0d3f9a8982a6b92a943e5c80d4977') in 0.038478 seconds 
========================================================================
Received Import Request.
  Time since last request: 0.000024 seconds.
  path: Assets/Polygon Farm Pack/Meshes/019 Spade.FBX
  artifactKey: Guid(f0f3fb1116ed1ea44946342ff970e370) Importer(815301076,1909f56bfc062723c751e8b465ee728b)
Start importing Assets/Polygon Farm Pack/Meshes/019 Spade.FBX using Guid(f0f3fb1116ed1ea44946342ff970e370) Importer(815301076,1909f56bfc062723c751e8b465ee728b)  -> (artifact id: '8e5fc3d4581e2146fc765007cf487348') in 0.024905 seconds 
========================================================================
Received Import Request.
  Time since last request: 0.000021 seconds.
  path: Assets/Polygon Farm Pack/Meshes/029 House_3.FBX
  artifactKey: Guid(0156beabed300ef498645b9b8cdb16fe) Importer(815301076,1909f56bfc062723c751e8b465ee728b)
Start importing Assets/Polygon Farm Pack/Meshes/029 House_3.FBX using Guid(0156beabed300ef498645b9b8cdb16fe) Importer(815301076,1909f56bfc062723c751e8b465ee728b)  -> (artifact id: '3be32b61d2b682067e245374a79eb363') in 0.062838 seconds 
========================================================================
Received Import Request.
  Time since last request: 0.000019 seconds.
  path: Assets/Polygon Farm Pack/Meshes/018 Pitchfork.FBX
  artifactKey: Guid(4daad5ad5e904a84ea81ed1cf3744fd4) Importer(815301076,1909f56bfc062723c751e8b465ee728b)
Start importing Assets/Polygon Farm Pack/Meshes/018 Pitchfork.FBX using Guid(4daad5ad5e904a84ea81ed1cf3744fd4) Importer(815301076,1909f56bfc062723c751e8b465ee728b)  -> (artifact id: '7827bcef75abfb4c2ba6c949476d1b3e') in 0.017225 seconds 
========================================================================
Received Import Request.
  Time since last request: 0.000023 seconds.
  path: Assets/Polygon Farm Pack/Meshes/031 House_5.FBX
  artifactKey: Guid(bec06cf9083dd6f49aeca8f6b95a6265) Importer(815301076,1909f56bfc062723c751e8b465ee728b)
Start importing Assets/Polygon Farm Pack/Meshes/031 House_5.FBX using Guid(bec06cf9083dd6f49aeca8f6b95a6265) Importer(815301076,1909f56bfc062723c751e8b465ee728b)  -> (artifact id: 'f213948aed8e85182d614b83e6c60133') in 0.094021 seconds 
========================================================================
Received Import Request.
  Time since last request: 0.000049 seconds.
  path: Assets/Polygon Farm Pack/Meshes/032 JCB.FBX
  artifactKey: Guid(314d5cd56b242d046b9c2e966ce90185) Importer(815301076,1909f56bfc062723c751e8b465ee728b)
Start importing Assets/Polygon Farm Pack/Meshes/032 JCB.FBX using Guid(314d5cd56b242d046b9c2e966ce90185) Importer(815301076,1909f56bfc062723c751e8b465ee728b)  -> (artifact id: 'bc977042078fae3ca6a25b848df475d4') in 0.048377 seconds 
========================================================================
Received Import Request.
  Time since last request: 0.000028 seconds.
  path: Assets/Polygon Farm Pack/Meshes/011 Dry_Grass_box.FBX
  artifactKey: Guid(6dd924023c168db4c8c2803bdce9fa1a) Importer(815301076,1909f56bfc062723c751e8b465ee728b)
Start importing Assets/Polygon Farm Pack/Meshes/011 Dry_Grass_box.FBX using Guid(6dd924023c168db4c8c2803bdce9fa1a) Importer(815301076,1909f56bfc062723c751e8b465ee728b)  -> (artifact id: '4ab8735b6252ccf91e57bbf14d6cbe25') in 0.027442 seconds 
========================================================================
Received Import Request.
  Time since last request: 0.000020 seconds.
  path: Assets/Polygon Farm Pack/Meshes/003 Apple_Box.FBX
  artifactKey: Guid(19c82b08a6bf5684fbb75475f575ccae) Importer(815301076,1909f56bfc062723c751e8b465ee728b)
Start importing Assets/Polygon Farm Pack/Meshes/003 Apple_Box.FBX using Guid(19c82b08a6bf5684fbb75475f575ccae) Importer(815301076,1909f56bfc062723c751e8b465ee728b)  -> (artifact id: '168f2748a4b480b60edf401455a4a3d5') in 0.190777 seconds 
========================================================================
Received Import Request.
  Time since last request: 0.000027 seconds.
  path: Assets/Polygon Farm Pack/Meshes/005 Bridge.FBX
  artifactKey: Guid(27d1552d7e641d44b9b647133b21cbf9) Importer(815301076,1909f56bfc062723c751e8b465ee728b)
Start importing Assets/Polygon Farm Pack/Meshes/005 Bridge.FBX using Guid(27d1552d7e641d44b9b647133b21cbf9) Importer(815301076,1909f56bfc062723c751e8b465ee728b)  -> (artifact id: '329a2fa9adfa35cf975273a8f0dc9189') in 0.041736 seconds 
========================================================================
Received Import Request.
  Time since last request: 0.000035 seconds.
  path: Assets/Polygon Farm Pack/Meshes/006 Cow.FBX
  artifactKey: Guid(3865b3b2ac908024abbf824d322c6558) Importer(815301076,1909f56bfc062723c751e8b465ee728b)
Start importing Assets/Polygon Farm Pack/Meshes/006 Cow.FBX using Guid(3865b3b2ac908024abbf824d322c6558) Importer(815301076,1909f56bfc062723c751e8b465ee728b)  -> (artifact id: 'd80027e3e2fd7340db3b25fe5935c59d') in 0.020369 seconds 
========================================================================
Received Import Request.
  Time since last request: 0.000017 seconds.
  path: Assets/Polygon Farm Pack/Meshes/024 Flower_Plant_Blue.FBX
  artifactKey: Guid(79c793d02f8912344a6dbc37d2283aac) Importer(815301076,1909f56bfc062723c751e8b465ee728b)
Start importing Assets/Polygon Farm Pack/Meshes/024 Flower_Plant_Blue.FBX using Guid(79c793d02f8912344a6dbc37d2283aac) Importer(815301076,1909f56bfc062723c751e8b465ee728b)  -> (artifact id: 'fc3543883719e89c2b7eee47388c8946') in 0.018257 seconds 
========================================================================
Received Import Request.
  Time since last request: 0.000023 seconds.
  path: Assets/Polygon Farm Pack/Meshes/013 Dry_Grass_roll_Group.FBX
  artifactKey: Guid(a9d19b2b5da225b4183537fadfb3c122) Importer(815301076,1909f56bfc062723c751e8b465ee728b)
Start importing Assets/Polygon Farm Pack/Meshes/013 Dry_Grass_roll_Group.FBX using Guid(a9d19b2b5da225b4183537fadfb3c122) Importer(815301076,1909f56bfc062723c751e8b465ee728b)  -> (artifact id: 'c5cbe745e912f20f60d4f6dee0c54253') in 0.019593 seconds 
========================================================================
Received Import Request.
  Time since last request: 0.000019 seconds.
  path: Assets/Polygon Farm Pack/Meshes/023 Flower_Plant_Pink.FBX
  artifactKey: Guid(d88b2d49edea8d04f8d0793fde44ae03) Importer(815301076,1909f56bfc062723c751e8b465ee728b)
Start importing Assets/Polygon Farm Pack/Meshes/023 Flower_Plant_Pink.FBX using Guid(d88b2d49edea8d04f8d0793fde44ae03) Importer(815301076,1909f56bfc062723c751e8b465ee728b)  -> (artifact id: '2ccf315929d43a24a80180d3916dc3d7') in 0.018309 seconds 
========================================================================
Received Import Request.
  Time since last request: 0.000021 seconds.
  path: Assets/Polygon Farm Pack/Meshes/015 Electric_pole.FBX
  artifactKey: Guid(20147aa3da9ac6b47942d2ba92609d91) Importer(815301076,1909f56bfc062723c751e8b465ee728b)
Start importing Assets/Polygon Farm Pack/Meshes/015 Electric_pole.FBX using Guid(20147aa3da9ac6b47942d2ba92609d91) Importer(815301076,1909f56bfc062723c751e8b465ee728b)  -> (artifact id: '6727effd3229e1152f5fc728f4797161') in 0.024534 seconds 
========================================================================
Received Import Request.
  Time since last request: 0.000022 seconds.
  path: Assets/Polygon Farm Pack/Meshes/016 Electric_transformer.FBX
  artifactKey: Guid(6f2e7197b4fdc5a41a85177f6ed7c2ba) Importer(815301076,1909f56bfc062723c751e8b465ee728b)
Start importing Assets/Polygon Farm Pack/Meshes/016 Electric_transformer.FBX using Guid(6f2e7197b4fdc5a41a85177f6ed7c2ba) Importer(815301076,1909f56bfc062723c751e8b465ee728b)  -> (artifact id: '4d45157e0e8cd4fc74aeaadd3c2a42ef') in 0.023387 seconds 
========================================================================
Received Import Request.
  Time since last request: 0.000032 seconds.
  path: Assets/Polygon Farm Pack/Meshes/020 Fire_pit_with_Teapot.FBX
  artifactKey: Guid(038d247c4323d63429ad4c2a8947cac7) Importer(815301076,1909f56bfc062723c751e8b465ee728b)
Start importing Assets/Polygon Farm Pack/Meshes/020 Fire_pit_with_Teapot.FBX using Guid(038d247c4323d63429ad4c2a8947cac7) Importer(815301076,1909f56bfc062723c751e8b465ee728b)  -> (artifact id: '8d3cba5d69bdb88ac7f5de472e635816') in 0.029714 seconds 
========================================================================
Received Import Request.
  Time since last request: 0.000018 seconds.
  path: Assets/Polygon Farm Pack/Meshes/030 House_4.FBX
  artifactKey: Guid(82049371bd9349a4fbd2512063d6312b) Importer(815301076,1909f56bfc062723c751e8b465ee728b)
Start importing Assets/Polygon Farm Pack/Meshes/030 House_4.FBX using Guid(82049371bd9349a4fbd2512063d6312b) Importer(815301076,1909f56bfc062723c751e8b465ee728b)  -> (artifact id: '9e91c6e06baaaeaa1a99f10a601d0690') in 0.097921 seconds 
========================================================================
Received Import Request.
  Time since last request: 0.000021 seconds.
  path: Assets/Polygon Farm Pack/Meshes/017 Garden_Bowl.FBX
  artifactKey: Guid(894e69d82d08b7441a37c845f07af6cd) Importer(815301076,1909f56bfc062723c751e8b465ee728b)
Start importing Assets/Polygon Farm Pack/Meshes/017 Garden_Bowl.FBX using Guid(894e69d82d08b7441a37c845f07af6cd) Importer(815301076,1909f56bfc062723c751e8b465ee728b)  -> (artifact id: 'd8371b34ffe1e43fc3ebe6ea660cae18') in 0.019222 seconds 
========================================================================
Received Import Request.
  Time since last request: 0.000029 seconds.
  path: Assets/Polygon Farm Pack/Meshes/007 Corn_Farm.FBX
  artifactKey: Guid(b5234fdbd831f0b4b81c220cb7e359f1) Importer(815301076,1909f56bfc062723c751e8b465ee728b)
Start importing Assets/Polygon Farm Pack/Meshes/007 Corn_Farm.FBX using Guid(b5234fdbd831f0b4b81c220cb7e359f1) Importer(815301076,1909f56bfc062723c751e8b465ee728b)  -> (artifact id: '2ffddfde8c7a16f2c2ae696924d7f016') in 0.376581 seconds 
